[0.183s] Invoking command in '/home/moonjung/ws_ros2/build/px4_ros_com': AMENT_PREFIX_PATH=/home/moonjung/ws_ros2/install/px4_msgs:${AMENT_PREFIX_PATH} CMAKE_PREFIX_PATH=/home/moonjung/ws_ros2/install/px4_msgs:/opt/ros/humble CONDA_PROMPT_MODIFIER=(base) LD_LIBRARY_PATH=/home/moonjung/ws_ros2/install/px4_msgs/lib:${LD_LIBRARY_PATH} PYTHONPATH=/home/moonjung/ws_ros2/install/px4_msgs/local/lib/python3.10/dist-packages:${PYTHONPATH} /home/moonjung/.local/bin/cmake /home/moonjung/ws_ros2/src/px4_ros_com -DCMAKE_INSTALL_PREFIX=/home/moonjung/ws_ros2/install/px4_ros_com
[0.402s] -- The C compiler identification is GNU 11.4.0
[1.320s] -- The CXX compiler identification is GNU 11.4.0
[2.179s] -- Detecting C compiler ABI info
[2.506s] -- Detecting C compiler ABI info - done
[2.515s] -- Check for working C compiler: /usr/bin/cc - skipped
[2.516s] -- Detecting C compile features
[2.516s] -- Detecting C compile features - done
[2.655s] -- Detecting CXX compiler ABI info
[2.980s] -- Detecting CXX compiler ABI info - done
[2.990s] -- Check for working CXX compiler: /usr/bin/c++ - skipped
[2.991s] -- Detecting CXX compile features
[2.991s] -- Detecting CXX compile features - done
[2.993s] -- Found ament_cmake: 1.3.6 (/opt/ros/humble/share/ament_cmake/cmake)
[6.266s] -- Found Python3: /usr/bin/python3.10 (found version "3.10.12") found components: Interpreter 
[6.339s] -- Found builtin_interfaces: 1.2.1 (/opt/ros/humble/share/builtin_interfaces/cmake)
[6.538s] -- Found rosidl_generator_c: 3.1.5 (/opt/ros/humble/share/rosidl_generator_c/cmake)
[6.542s] -- Found rosidl_adapter: 3.1.5 (/opt/ros/humble/share/rosidl_adapter/cmake)
[6.550s] -- Found rosidl_generator_cpp: 3.1.5 (/opt/ros/humble/share/rosidl_generator_cpp/cmake)
[6.564s] -- Using all available rosidl_typesupport_c: rosidl_typesupport_fastrtps_c;rosidl_typesupport_introspection_c
[6.585s] -- Using all available rosidl_typesupport_cpp: rosidl_typesupport_fastrtps_cpp;rosidl_typesupport_introspection_cpp
[6.604s] -- Found eigen3_cmake_module: 0.1.1 (/opt/ros/humble/share/eigen3_cmake_module/cmake)
[6.611s] -- Found Eigen3: TRUE (found version "3.4.0") 
[6.612s] -- Found geometry_msgs: 4.2.3 (/opt/ros/humble/share/geometry_msgs/cmake)
[6.715s] -- Found px4_msgs: 2.0.1 (/home/moonjung/ws_ros2/install/px4_msgs/share/px4_msgs/cmake)
[6.760s] -- Found rclcpp: 16.0.7 (/opt/ros/humble/share/rclcpp/cmake)
[6.824s] -- Found rmw_implementation_cmake: 6.1.1 (/opt/ros/humble/share/rmw_implementation_cmake/cmake)
[6.827s] -- Found rmw_fastrtps_cpp: 6.2.5 (/opt/ros/humble/share/rmw_fastrtps_cpp/cmake)
[8.253s] -- Found OpenSSL: /usr/lib/x86_64-linux-gnu/libcrypto.so (found version "3.0.2")  
[9.811s] -- Found FastRTPS: /opt/ros/humble/include  
[12.742s] -- Using RMW implementation 'rmw_fastrtps_cpp' as default
[12.750s] -- Performing Test CMAKE_HAVE_LIBC_PTHREAD
[12.958s] -- Performing Test CMAKE_HAVE_LIBC_PTHREAD - Success
[12.959s] -- Found Threads: TRUE  
[13.130s] -- Found sensor_msgs: 4.2.3 (/opt/ros/humble/share/sensor_msgs/cmake)
[13.232s] -- Found ament_lint_auto: 0.12.9 (/opt/ros/humble/share/ament_lint_auto/cmake)
[13.304s] -- Added test 'copyright' to check source files copyright and LICENSE
[13.307s] -- Added test 'cppcheck' to perform static code analysis on C / C++ code
[13.307s] -- Configured cppcheck include dirs: /home/moonjung/ws_ros2/src/px4_ros_com/include;$<BUILD_INTERFACE:/home/moonjung/ws_ros2/src/px4_ros_com/include/px4_ros_com>
[13.308s] -- Configured cppcheck exclude dirs and/or files: 
[13.310s] -- Added test 'cpplint' to check C / C++ code against the Google style
[13.310s] -- Configured cpplint exclude dirs and/or files: 
[13.311s] -- Added test 'flake8' to check Python code syntax and style conventions
[13.312s] -- Added test 'lint_cmake' to check CMake code style
[13.313s] -- Added test 'pep257' to check Python code against some of the docstring style conventions in PEP 257
[13.316s] -- Added test 'uncrustify' to check C / C++ code style
[13.316s] -- Configured uncrustify additional arguments: 
[13.317s] -- Added test 'xmllint' to check XML markup files
[13.319s] -- Configuring done (13.1s)
[13.346s] -- Generating done (0.0s)
[13.348s] -- Build files have been written to: /home/moonjung/ws_ros2/build/px4_ros_com
[13.367s] Invoked command in '/home/moonjung/ws_ros2/build/px4_ros_com' returned '0': AMENT_PREFIX_PATH=/home/moonjung/ws_ros2/install/px4_msgs:${AMENT_PREFIX_PATH} CMAKE_PREFIX_PATH=/home/moonjung/ws_ros2/install/px4_msgs:/opt/ros/humble CONDA_PROMPT_MODIFIER=(base) LD_LIBRARY_PATH=/home/moonjung/ws_ros2/install/px4_msgs/lib:${LD_LIBRARY_PATH} PYTHONPATH=/home/moonjung/ws_ros2/install/px4_msgs/local/lib/python3.10/dist-packages:${PYTHONPATH} /home/moonjung/.local/bin/cmake /home/moonjung/ws_ros2/src/px4_ros_com -DCMAKE_INSTALL_PREFIX=/home/moonjung/ws_ros2/install/px4_ros_com
[13.369s] Invoking command in '/home/moonjung/ws_ros2/build/px4_ros_com': AMENT_PREFIX_PATH=/home/moonjung/ws_ros2/install/px4_msgs:${AMENT_PREFIX_PATH} CMAKE_PREFIX_PATH=/home/moonjung/ws_ros2/install/px4_msgs:/opt/ros/humble CONDA_PROMPT_MODIFIER=(base) LD_LIBRARY_PATH=/home/moonjung/ws_ros2/install/px4_msgs/lib:${LD_LIBRARY_PATH} PYTHONPATH=/home/moonjung/ws_ros2/install/px4_msgs/local/lib/python3.10/dist-packages:${PYTHONPATH} /home/moonjung/.local/bin/cmake --build /home/moonjung/ws_ros2/build/px4_ros_com -- -j12 -l12
[13.421s] [ 10%] [32mBuilding CXX object CMakeFiles/sensor_combined_listener.dir/src/examples/listeners/sensor_combined_listener.cpp.o[0m
[13.421s] [ 20%] [32mBuilding CXX object CMakeFiles/offboard_control.dir/src/examples/offboard/offboard_control.cpp.o[0m
[13.421s] [ 30%] [32mBuilding CXX object CMakeFiles/frame_transforms.dir/src/lib/frame_transforms.cpp.o[0m
[13.422s] [ 50%] [32mBuilding CXX object CMakeFiles/debug_vect_advertiser.dir/src/examples/advertisers/debug_vect_advertiser.cpp.o[0m
[13.422s] [ 50%] [32mBuilding CXX object CMakeFiles/vehicle_gps_position_listener.dir/src/examples/listeners/vehicle_gps_position_listener.cpp.o[0m
[20.659s] [ 60%] [32m[1mLinking CXX executable debug_vect_advertiser[0m
[21.120s] [ 60%] Built target debug_vect_advertiser
[21.771s] [ 70%] [32m[1mLinking CXX executable offboard_control[0m
[22.212s] [ 70%] Built target offboard_control
[24.370s] [ 80%] [32m[1mLinking CXX shared library libframe_transforms.so[0m
[24.812s] [ 80%] Built target frame_transforms
[25.636s] [ 90%] [32m[1mLinking CXX executable sensor_combined_listener[0m
[25.833s] [100%] [32m[1mLinking CXX executable vehicle_gps_position_listener[0m
[26.332s] [100%] Built target sensor_combined_listener
[26.462s] [100%] Built target vehicle_gps_position_listener
[26.472s] Invoked command in '/home/moonjung/ws_ros2/build/px4_ros_com' returned '0': AMENT_PREFIX_PATH=/home/moonjung/ws_ros2/install/px4_msgs:${AMENT_PREFIX_PATH} CMAKE_PREFIX_PATH=/home/moonjung/ws_ros2/install/px4_msgs:/opt/ros/humble CONDA_PROMPT_MODIFIER=(base) LD_LIBRARY_PATH=/home/moonjung/ws_ros2/install/px4_msgs/lib:${LD_LIBRARY_PATH} PYTHONPATH=/home/moonjung/ws_ros2/install/px4_msgs/local/lib/python3.10/dist-packages:${PYTHONPATH} /home/moonjung/.local/bin/cmake --build /home/moonjung/ws_ros2/build/px4_ros_com -- -j12 -l12
[26.555s] Invoking command in '/home/moonjung/ws_ros2/build/px4_ros_com': AMENT_PREFIX_PATH=/home/moonjung/ws_ros2/install/px4_msgs:${AMENT_PREFIX_PATH} CMAKE_PREFIX_PATH=/home/moonjung/ws_ros2/install/px4_msgs:/opt/ros/humble CONDA_PROMPT_MODIFIER=(base) LD_LIBRARY_PATH=/home/moonjung/ws_ros2/install/px4_msgs/lib:${LD_LIBRARY_PATH} PYTHONPATH=/home/moonjung/ws_ros2/install/px4_msgs/local/lib/python3.10/dist-packages:${PYTHONPATH} /home/moonjung/.local/bin/cmake --install /home/moonjung/ws_ros2/build/px4_ros_com
[26.579s] -- Install configuration: ""
[26.579s] -- Installing: /home/moonjung/ws_ros2/install/px4_ros_com/lib/px4_ros_com/sensor_combined_listener
[26.582s] -- Set runtime path of "/home/moonjung/ws_ros2/install/px4_ros_com/lib/px4_ros_com/sensor_combined_listener" to ""
[26.583s] -- Installing: /home/moonjung/ws_ros2/install/px4_ros_com/lib/px4_ros_com/vehicle_gps_position_listener
[26.585s] -- Set runtime path of "/home/moonjung/ws_ros2/install/px4_ros_com/lib/px4_ros_com/vehicle_gps_position_listener" to ""
[26.585s] -- Installing: /home/moonjung/ws_ros2/install/px4_ros_com/lib/px4_ros_com/debug_vect_advertiser
[26.586s] -- Set runtime path of "/home/moonjung/ws_ros2/install/px4_ros_com/lib/px4_ros_com/debug_vect_advertiser" to ""
[26.586s] -- Installing: /home/moonjung/ws_ros2/install/px4_ros_com/lib/px4_ros_com/offboard_control
[26.587s] -- Set runtime path of "/home/moonjung/ws_ros2/install/px4_ros_com/lib/px4_ros_com/offboard_control" to ""
[26.587s] -- Installing: /home/moonjung/ws_ros2/install/px4_ros_com/share/px4_ros_com/environment/library_path.sh
[26.587s] -- Installing: /home/moonjung/ws_ros2/install/px4_ros_com/share/px4_ros_com/environment/library_path.dsv
[26.588s] -- Installing: /home/moonjung/ws_ros2/install/px4_ros_com/include/px4_ros_com
[26.588s] -- Installing: /home/moonjung/ws_ros2/install/px4_ros_com/include/px4_ros_com/frame_transforms.h
[26.588s] -- Installing: /home/moonjung/ws_ros2/install/px4_ros_com/lib/libframe_transforms.so
[26.592s] -- Set runtime path of "/home/moonjung/ws_ros2/install/px4_ros_com/lib/libframe_transforms.so" to ""
[26.592s] -- Installing: /home/moonjung/ws_ros2/install/px4_ros_com/share/px4_ros_com//launch
[26.592s] -- Installing: /home/moonjung/ws_ros2/install/px4_ros_com/share/px4_ros_com//launch/offboard_control_launch.yaml
[26.592s] -- Installing: /home/moonjung/ws_ros2/install/px4_ros_com/share/px4_ros_com//launch/sensor_combined_listener.launch.py
[26.592s] -- Installing: /home/moonjung/ws_ros2/install/px4_ros_com/share/px4_ros_com//test
[26.592s] -- Installing: /home/moonjung/ws_ros2/install/px4_ros_com/share/px4_ros_com//test/test_input.py
[26.593s] -- Installing: /home/moonjung/ws_ros2/install/px4_ros_com/share/px4_ros_com//test/__init__.py
[26.593s] -- Installing: /home/moonjung/ws_ros2/install/px4_ros_com/share/px4_ros_com//test/test_output.py
[26.593s] -- Installing: /home/moonjung/ws_ros2/install/px4_ros_com/share/px4_ros_com//test/pipeline_io_test.py
[26.593s] -- Installing: /home/moonjung/ws_ros2/install/px4_ros_com/share/ament_index/resource_index/package_run_dependencies/px4_ros_com
[26.593s] -- Installing: /home/moonjung/ws_ros2/install/px4_ros_com/share/ament_index/resource_index/parent_prefix_path/px4_ros_com
[26.593s] -- Installing: /home/moonjung/ws_ros2/install/px4_ros_com/share/px4_ros_com/environment/ament_prefix_path.sh
[26.594s] -- Installing: /home/moonjung/ws_ros2/install/px4_ros_com/share/px4_ros_com/environment/ament_prefix_path.dsv
[26.594s] -- Installing: /home/moonjung/ws_ros2/install/px4_ros_com/share/px4_ros_com/environment/path.sh
[26.594s] -- Installing: /home/moonjung/ws_ros2/install/px4_ros_com/share/px4_ros_com/environment/path.dsv
[26.594s] -- Installing: /home/moonjung/ws_ros2/install/px4_ros_com/share/px4_ros_com/local_setup.bash
[26.594s] -- Installing: /home/moonjung/ws_ros2/install/px4_ros_com/share/px4_ros_com/local_setup.sh
[26.594s] -- Installing: /home/moonjung/ws_ros2/install/px4_ros_com/share/px4_ros_com/local_setup.zsh
[26.594s] -- Installing: /home/moonjung/ws_ros2/install/px4_ros_com/share/px4_ros_com/local_setup.dsv
[26.594s] -- Installing: /home/moonjung/ws_ros2/install/px4_ros_com/share/px4_ros_com/package.dsv
[26.595s] -- Installing: /home/moonjung/ws_ros2/install/px4_ros_com/share/ament_index/resource_index/packages/px4_ros_com
[26.595s] -- Installing: /home/moonjung/ws_ros2/install/px4_ros_com/share/px4_ros_com/cmake/export_frame_transformsExport.cmake
[26.595s] -- Installing: /home/moonjung/ws_ros2/install/px4_ros_com/share/px4_ros_com/cmake/export_frame_transformsExport-noconfig.cmake
[26.595s] -- Installing: /home/moonjung/ws_ros2/install/px4_ros_com/share/px4_ros_com/cmake/ament_cmake_export_dependencies-extras.cmake
[26.595s] -- Installing: /home/moonjung/ws_ros2/install/px4_ros_com/share/px4_ros_com/cmake/ament_cmake_export_targets-extras.cmake
[26.595s] -- Installing: /home/moonjung/ws_ros2/install/px4_ros_com/share/px4_ros_com/cmake/ament_cmake_export_include_directories-extras.cmake
[26.595s] -- Installing: /home/moonjung/ws_ros2/install/px4_ros_com/share/px4_ros_com/cmake/ament_cmake_export_libraries-extras.cmake
[26.596s] -- Installing: /home/moonjung/ws_ros2/install/px4_ros_com/share/px4_ros_com/cmake/px4_ros_comConfig.cmake
[26.596s] -- Installing: /home/moonjung/ws_ros2/install/px4_ros_com/share/px4_ros_com/cmake/px4_ros_comConfig-version.cmake
[26.596s] -- Installing: /home/moonjung/ws_ros2/install/px4_ros_com/share/px4_ros_com/package.xml
[26.603s] Invoked command in '/home/moonjung/ws_ros2/build/px4_ros_com' returned '0': AMENT_PREFIX_PATH=/home/moonjung/ws_ros2/install/px4_msgs:${AMENT_PREFIX_PATH} CMAKE_PREFIX_PATH=/home/moonjung/ws_ros2/install/px4_msgs:/opt/ros/humble CONDA_PROMPT_MODIFIER=(base) LD_LIBRARY_PATH=/home/moonjung/ws_ros2/install/px4_msgs/lib:${LD_LIBRARY_PATH} PYTHONPATH=/home/moonjung/ws_ros2/install/px4_msgs/local/lib/python3.10/dist-packages:${PYTHONPATH} /home/moonjung/.local/bin/cmake --install /home/moonjung/ws_ros2/build/px4_ros_com
