[0.776s] Invoking command in '/home/moonjung/ws_ros2/src/py_pubsub': PYTHONPATH=/home/moonjung/ws_ros2/build/py_pubsub/prefix_override:/home/moonjung/ws_ros2/install/py_pubsub/lib/python3.10/site-packages:${PYTHONPATH} /usr/bin/python3 setup.py egg_info --egg-base ../../build/py_pubsub build --build-base /home/moonjung/ws_ros2/build/py_pubsub/build install --record /home/moonjung/ws_ros2/build/py_pubsub/install.log --single-version-externally-managed
[0.980s] running egg_info
[0.980s] writing ../../build/py_pubsub/py_pubsub.egg-info/PKG-INFO
[0.981s] writing dependency_links to ../../build/py_pubsub/py_pubsub.egg-info/dependency_links.txt
[0.982s] writing entry points to ../../build/py_pubsub/py_pubsub.egg-info/entry_points.txt
[0.983s] writing requirements to ../../build/py_pubsub/py_pubsub.egg-info/requires.txt
[0.983s] writing top-level names to ../../build/py_pubsub/py_pubsub.egg-info/top_level.txt
[0.986s] reading manifest file '../../build/py_pubsub/py_pubsub.egg-info/SOURCES.txt'
[0.986s] writing manifest file '../../build/py_pubsub/py_pubsub.egg-info/SOURCES.txt'
[0.987s] running build
[0.987s] running build_py
[0.987s] copying py_pubsub/subscriber_member_function.py -> /home/moonjung/ws_ros2/build/py_pubsub/build/lib/py_pubsub
[0.990s] copying py_pubsub/publisher_member_function.py -> /home/moonjung/ws_ros2/build/py_pubsub/build/lib/py_pubsub
[0.990s] running install
[0.991s] /usr/lib/python3/dist-packages/setuptools/command/install.py:34: SetuptoolsDeprecationWarning: setup.py install is deprecated. Use build and pip and other standards-based tools.
[0.991s]   warnings.warn(
[0.991s] running install_lib
[0.992s] copying /home/moonjung/ws_ros2/build/py_pubsub/build/lib/py_pubsub/subscriber_member_function.py -> /home/moonjung/ws_ros2/install/py_pubsub/lib/python3.10/site-packages/py_pubsub
[0.992s] copying /home/moonjung/ws_ros2/build/py_pubsub/build/lib/py_pubsub/publisher_member_function.py -> /home/moonjung/ws_ros2/install/py_pubsub/lib/python3.10/site-packages/py_pubsub
[0.993s] byte-compiling /home/moonjung/ws_ros2/install/py_pubsub/lib/python3.10/site-packages/py_pubsub/subscriber_member_function.py to subscriber_member_function.cpython-310.pyc
[0.994s] byte-compiling /home/moonjung/ws_ros2/install/py_pubsub/lib/python3.10/site-packages/py_pubsub/publisher_member_function.py to publisher_member_function.cpython-310.pyc
[0.995s] running install_data
[0.996s] running install_egg_info
[0.997s] removing '/home/moonjung/ws_ros2/install/py_pubsub/lib/python3.10/site-packages/py_pubsub-0.0.0-py3.10.egg-info' (and everything under it)
[0.999s] Copying ../../build/py_pubsub/py_pubsub.egg-info to /home/moonjung/ws_ros2/install/py_pubsub/lib/python3.10/site-packages/py_pubsub-0.0.0-py3.10.egg-info
[1.000s] running install_scripts
[1.022s] Installing listener script to /home/moonjung/ws_ros2/install/py_pubsub/lib/py_pubsub
[1.023s] Installing talker script to /home/moonjung/ws_ros2/install/py_pubsub/lib/py_pubsub
[1.023s] writing list of installed files to '/home/moonjung/ws_ros2/build/py_pubsub/install.log'
[1.067s] Invoked command in '/home/moonjung/ws_ros2/src/py_pubsub' returned '0': PYTHONPATH=/home/moonjung/ws_ros2/build/py_pubsub/prefix_override:/home/moonjung/ws_ros2/install/py_pubsub/lib/python3.10/site-packages:${PYTHONPATH} /usr/bin/python3 setup.py egg_info --egg-base ../../build/py_pubsub build --build-base /home/moonjung/ws_ros2/build/py_pubsub/build install --record /home/moonjung/ws_ros2/build/py_pubsub/install.log --single-version-externally-managed
