[0.785s] Invoking command in '/home/moonjung/ws_ros2/src/py_pubsub': PYTHONPATH=/home/moonjung/ws_ros2/build/py_pubsub/prefix_override:/home/moonjung/ws_ros2/install/py_pubsub/lib/python3.10/site-packages:${PYTHONPATH} /usr/bin/python3 setup.py egg_info --egg-base ../../build/py_pubsub build --build-base /home/moonjung/ws_ros2/build/py_pubsub/build install --record /home/moonjung/ws_ros2/build/py_pubsub/install.log --single-version-externally-managed
[0.991s] running egg_info
[0.992s] writing ../../build/py_pubsub/py_pubsub.egg-info/PKG-INFO
[0.992s] writing dependency_links to ../../build/py_pubsub/py_pubsub.egg-info/dependency_links.txt
[0.993s] writing entry points to ../../build/py_pubsub/py_pubsub.egg-info/entry_points.txt
[0.993s] writing requirements to ../../build/py_pubsub/py_pubsub.egg-info/requires.txt
[0.993s] writing top-level names to ../../build/py_pubsub/py_pubsub.egg-info/top_level.txt
[0.995s] reading manifest file '../../build/py_pubsub/py_pubsub.egg-info/SOURCES.txt'
[0.996s] writing manifest file '../../build/py_pubsub/py_pubsub.egg-info/SOURCES.txt'
[0.996s] running build
[0.996s] running build_py
[0.997s] copying py_pubsub/subscriber_member_function.py -> /home/moonjung/ws_ros2/build/py_pubsub/build/lib/py_pubsub
[0.998s] running install
[0.998s] /usr/lib/python3/dist-packages/setuptools/command/install.py:34: SetuptoolsDeprecationWarning: setup.py install is deprecated. Use build and pip and other standards-based tools.
[0.999s]   warnings.warn(
[0.999s] running install_lib
[1.000s] copying /home/moonjung/ws_ros2/build/py_pubsub/build/lib/py_pubsub/subscriber_member_function.py -> /home/moonjung/ws_ros2/install/py_pubsub/lib/python3.10/site-packages/py_pubsub
[1.001s] byte-compiling /home/moonjung/ws_ros2/install/py_pubsub/lib/python3.10/site-packages/py_pubsub/subscriber_member_function.py to subscriber_member_function.cpython-310.pyc
[1.002s] running install_data
[1.003s] running install_egg_info
[1.005s] removing '/home/moonjung/ws_ros2/install/py_pubsub/lib/python3.10/site-packages/py_pubsub-0.0.0-py3.10.egg-info' (and everything under it)
[1.005s] Copying ../../build/py_pubsub/py_pubsub.egg-info to /home/moonjung/ws_ros2/install/py_pubsub/lib/python3.10/site-packages/py_pubsub-0.0.0-py3.10.egg-info
[1.006s] running install_scripts
[1.026s] Installing listener script to /home/moonjung/ws_ros2/install/py_pubsub/lib/py_pubsub
[1.026s] Installing talker script to /home/moonjung/ws_ros2/install/py_pubsub/lib/py_pubsub
[1.027s] writing list of installed files to '/home/moonjung/ws_ros2/build/py_pubsub/install.log'
[1.052s] Invoked command in '/home/moonjung/ws_ros2/src/py_pubsub' returned '0': PYTHONPATH=/home/moonjung/ws_ros2/build/py_pubsub/prefix_override:/home/moonjung/ws_ros2/install/py_pubsub/lib/python3.10/site-packages:${PYTHONPATH} /usr/bin/python3 setup.py egg_info --egg-base ../../build/py_pubsub build --build-base /home/moonjung/ws_ros2/build/py_pubsub/build install --record /home/moonjung/ws_ros2/build/py_pubsub/install.log --single-version-externally-managed
