[0.177s] Invoking command in '/home/moonjung/ws_ros2/build/px4_ros_com': AMENT_PREFIX_PATH=/home/moonjung/ws_ros2/install/px4_msgs:${AMENT_PREFIX_PATH} CMAKE_PREFIX_PATH=/home/moonjung/ws_ros2/install/px4_msgs:/opt/ros/humble LD_LIBRARY_PATH=/home/moonjung/ws_ros2/install/px4_msgs/lib:${LD_LIBRARY_PATH} PYTHONPATH=/home/moonjung/ws_ros2/install/px4_msgs/local/lib/python3.10/dist-packages:${PYTHONPATH} /home/moonjung/.local/bin/cmake --build /home/moonjung/ws_ros2/build/px4_ros_com -- -j12 -l12
[0.266s] [ 20%] Built target frame_transforms
[0.274s] [ 80%] Built target vehicle_gps_position_listener
[0.274s] [ 80%] Built target offboard_control
[0.274s] [ 80%] Built target sensor_combined_listener
[0.277s] [100%] Built target debug_vect_advertiser
[0.287s] Invoked command in '/home/moonjung/ws_ros2/build/px4_ros_com' returned '0': AMENT_PREFIX_PATH=/home/moonjung/ws_ros2/install/px4_msgs:${AMENT_PREFIX_PATH} CMAKE_PREFIX_PATH=/home/moonjung/ws_ros2/install/px4_msgs:/opt/ros/humble LD_LIBRARY_PATH=/home/moonjung/ws_ros2/install/px4_msgs/lib:${LD_LIBRARY_PATH} PYTHONPATH=/home/moonjung/ws_ros2/install/px4_msgs/local/lib/python3.10/dist-packages:${PYTHONPATH} /home/moonjung/.local/bin/cmake --build /home/moonjung/ws_ros2/build/px4_ros_com -- -j12 -l12
[0.373s] Invoking command in '/home/moonjung/ws_ros2/build/px4_ros_com': AMENT_PREFIX_PATH=/home/moonjung/ws_ros2/install/px4_msgs:${AMENT_PREFIX_PATH} CMAKE_PREFIX_PATH=/home/moonjung/ws_ros2/install/px4_msgs:/opt/ros/humble LD_LIBRARY_PATH=/home/moonjung/ws_ros2/install/px4_msgs/lib:${LD_LIBRARY_PATH} PYTHONPATH=/home/moonjung/ws_ros2/install/px4_msgs/local/lib/python3.10/dist-packages:${PYTHONPATH} /home/moonjung/.local/bin/cmake --install /home/moonjung/ws_ros2/build/px4_ros_com
[0.395s] -- Install configuration: ""
[0.397s] -- Up-to-date: /home/moonjung/ws_ros2/install/px4_ros_com/lib/px4_ros_com/sensor_combined_listener
[0.399s] -- Up-to-date: /home/moonjung/ws_ros2/install/px4_ros_com/lib/px4_ros_com/vehicle_gps_position_listener
[0.400s] -- Up-to-date: /home/moonjung/ws_ros2/install/px4_ros_com/lib/px4_ros_com/debug_vect_advertiser
[0.401s] -- Up-to-date: /home/moonjung/ws_ros2/install/px4_ros_com/lib/px4_ros_com/offboard_control
[0.401s] -- Up-to-date: /home/moonjung/ws_ros2/install/px4_ros_com/share/px4_ros_com/environment/library_path.sh
[0.401s] -- Up-to-date: /home/moonjung/ws_ros2/install/px4_ros_com/share/px4_ros_com/environment/library_path.dsv
[0.401s] -- Up-to-date: /home/moonjung/ws_ros2/install/px4_ros_com/include/px4_ros_com
[0.402s] -- Up-to-date: /home/moonjung/ws_ros2/install/px4_ros_com/include/px4_ros_com/frame_transforms.h
[0.403s] -- Up-to-date: /home/moonjung/ws_ros2/install/px4_ros_com/lib/libframe_transforms.so
[0.403s] -- Up-to-date: /home/moonjung/ws_ros2/install/px4_ros_com/share/px4_ros_com//launch
[0.403s] -- Up-to-date: /home/moonjung/ws_ros2/install/px4_ros_com/share/px4_ros_com//launch/offboard_control_launch.yaml
[0.403s] -- Up-to-date: /home/moonjung/ws_ros2/install/px4_ros_com/share/px4_ros_com//launch/sensor_combined_listener.launch.py
[0.403s] -- Up-to-date: /home/moonjung/ws_ros2/install/px4_ros_com/share/px4_ros_com//test
[0.404s] -- Up-to-date: /home/moonjung/ws_ros2/install/px4_ros_com/share/px4_ros_com//test/test_input.py
[0.404s] -- Up-to-date: /home/moonjung/ws_ros2/install/px4_ros_com/share/px4_ros_com//test/__init__.py
[0.404s] -- Up-to-date: /home/moonjung/ws_ros2/install/px4_ros_com/share/px4_ros_com//test/test_output.py
[0.404s] -- Up-to-date: /home/moonjung/ws_ros2/install/px4_ros_com/share/px4_ros_com//test/pipeline_io_test.py
[0.404s] -- Up-to-date: /home/moonjung/ws_ros2/install/px4_ros_com/share/ament_index/resource_index/package_run_dependencies/px4_ros_com
[0.405s] -- Up-to-date: /home/moonjung/ws_ros2/install/px4_ros_com/share/ament_index/resource_index/parent_prefix_path/px4_ros_com
[0.405s] -- Up-to-date: /home/moonjung/ws_ros2/install/px4_ros_com/share/px4_ros_com/environment/ament_prefix_path.sh
[0.405s] -- Up-to-date: /home/moonjung/ws_ros2/install/px4_ros_com/share/px4_ros_com/environment/ament_prefix_path.dsv
[0.405s] -- Up-to-date: /home/moonjung/ws_ros2/install/px4_ros_com/share/px4_ros_com/environment/path.sh
[0.405s] -- Up-to-date: /home/moonjung/ws_ros2/install/px4_ros_com/share/px4_ros_com/environment/path.dsv
[0.405s] -- Up-to-date: /home/moonjung/ws_ros2/install/px4_ros_com/share/px4_ros_com/local_setup.bash
[0.405s] -- Up-to-date: /home/moonjung/ws_ros2/install/px4_ros_com/share/px4_ros_com/local_setup.sh
[0.406s] -- Up-to-date: /home/moonjung/ws_ros2/install/px4_ros_com/share/px4_ros_com/local_setup.zsh
[0.406s] -- Up-to-date: /home/moonjung/ws_ros2/install/px4_ros_com/share/px4_ros_com/local_setup.dsv
[0.406s] -- Installing: /home/moonjung/ws_ros2/install/px4_ros_com/share/px4_ros_com/package.dsv
[0.406s] -- Up-to-date: /home/moonjung/ws_ros2/install/px4_ros_com/share/ament_index/resource_index/packages/px4_ros_com
[0.407s] -- Up-to-date: /home/moonjung/ws_ros2/install/px4_ros_com/share/px4_ros_com/cmake/export_frame_transformsExport.cmake
[0.407s] -- Up-to-date: /home/moonjung/ws_ros2/install/px4_ros_com/share/px4_ros_com/cmake/export_frame_transformsExport-noconfig.cmake
[0.408s] -- Up-to-date: /home/moonjung/ws_ros2/install/px4_ros_com/share/px4_ros_com/cmake/ament_cmake_export_dependencies-extras.cmake
[0.408s] -- Up-to-date: /home/moonjung/ws_ros2/install/px4_ros_com/share/px4_ros_com/cmake/ament_cmake_export_targets-extras.cmake
[0.408s] -- Up-to-date: /home/moonjung/ws_ros2/install/px4_ros_com/share/px4_ros_com/cmake/ament_cmake_export_include_directories-extras.cmake
[0.408s] -- Up-to-date: /home/moonjung/ws_ros2/install/px4_ros_com/share/px4_ros_com/cmake/ament_cmake_export_libraries-extras.cmake
[0.408s] -- Up-to-date: /home/moonjung/ws_ros2/install/px4_ros_com/share/px4_ros_com/cmake/px4_ros_comConfig.cmake
[0.408s] -- Up-to-date: /home/moonjung/ws_ros2/install/px4_ros_com/share/px4_ros_com/cmake/px4_ros_comConfig-version.cmake
[0.408s] -- Up-to-date: /home/moonjung/ws_ros2/install/px4_ros_com/share/px4_ros_com/package.xml
[0.412s] Invoked command in '/home/moonjung/ws_ros2/build/px4_ros_com' returned '0': AMENT_PREFIX_PATH=/home/moonjung/ws_ros2/install/px4_msgs:${AMENT_PREFIX_PATH} CMAKE_PREFIX_PATH=/home/moonjung/ws_ros2/install/px4_msgs:/opt/ros/humble LD_LIBRARY_PATH=/home/moonjung/ws_ros2/install/px4_msgs/lib:${LD_LIBRARY_PATH} PYTHONPATH=/home/moonjung/ws_ros2/install/px4_msgs/local/lib/python3.10/dist-packages:${PYTHONPATH} /home/moonjung/.local/bin/cmake --install /home/moonjung/ws_ros2/build/px4_ros_com
