[1.056s] DEBUG:colcon:Command line arguments: ['/usr/bin/colcon', 'build']
[1.056s] DEBUG:colcon:Parsed command line arguments: Namespace(log_base=None, log_level=None, verb_name='build', build_base='build', install_base='install', merge_install=False, symlink_install=False, test_result_base=None, continue_on_error=False, executor='parallel', parallel_workers=12, event_handlers=None, ignore_user_meta=False, metas=['./colcon.meta'], base_paths=['.'], packages_ignore=None, packages_ignore_regex=None, paths=None, packages_up_to=None, packages_up_to_regex=None, packages_above=None, packages_above_and_dependencies=None, packages_above_depth=None, packages_select_by_dep=None, packages_skip_by_dep=None, packages_skip_up_to=None, packages_select_build_failed=False, packages_skip_build_finished=False, packages_select_test_failures=False, packages_skip_test_passed=False, packages_select=None, packages_skip=None, packages_select_regex=None, packages_skip_regex=None, packages_start=None, packages_end=None, allow_overriding=[], cmake_args=None, cmake_target=None, cmake_target_skip_unavailable=False, cmake_clean_cache=False, cmake_clean_first=False, cmake_force_configure=False, ament_cmake_args=None, catkin_cmake_args=None, catkin_skip_building_tests=False, verb_parser=<colcon_defaults.argument_parser.defaults.DefaultArgumentsDecorator object at 0x7f3204914400>, verb_extension=<colcon_core.verb.build.BuildVerb object at 0x7f3205756950>, main=<bound method BuildVerb.main of <colcon_core.verb.build.BuildVerb object at 0x7f3205756950>>)
[1.100s] Level 1:colcon.colcon_core.package_discovery:discover_packages(colcon_meta) check parameters
[1.100s] Level 1:colcon.colcon_core.package_discovery:discover_packages(recursive) check parameters
[1.100s] Level 1:colcon.colcon_core.package_discovery:discover_packages(ignore) check parameters
[1.100s] Level 1:colcon.colcon_core.package_discovery:discover_packages(path) check parameters
[1.100s] Level 1:colcon.colcon_core.package_discovery:discover_packages(colcon_meta) discover
[1.100s] Level 1:colcon.colcon_core.package_discovery:discover_packages(recursive) discover
[1.100s] INFO:colcon.colcon_core.package_discovery:Crawling recursively for packages in '/home/moonjung/ws_ros2'
[1.101s] Level 1:colcon.colcon_core.package_identification:_identify(.) by extensions ['ignore', 'ignore_ament_install']
[1.101s] Level 1:colcon.colcon_core.package_identification:_identify(.) by extension 'ignore'
[1.101s] Level 1:colcon.colcon_core.package_identification:_identify(.) by extension 'ignore_ament_install'
[1.101s] Level 1:colcon.colcon_core.package_identification:_identify(.) by extensions ['colcon_pkg']
[1.101s] Level 1:colcon.colcon_core.package_identification:_identify(.) by extension 'colcon_pkg'
[1.101s] Level 1:colcon.colcon_core.package_identification:_identify(.) by extensions ['colcon_meta']
[1.101s] Level 1:colcon.colcon_core.package_identification:_identify(.) by extension 'colcon_meta'
[1.101s] Level 1:colcon.colcon_core.package_identification:_identify(.) by extensions ['ros']
[1.101s] Level 1:colcon.colcon_core.package_identification:_identify(.) by extension 'ros'
[1.110s] Level 1:colcon.colcon_core.package_identification:_identify(.) by extensions ['cmake', 'python']
[1.110s] Level 1:colcon.colcon_core.package_identification:_identify(.) by extension 'cmake'
[1.110s] Level 1:colcon.colcon_core.package_identification:_identify(.) by extension 'python'
[1.110s] Level 1:colcon.colcon_core.package_identification:_identify(.) by extensions ['python_setup_py']
[1.110s] Level 1:colcon.colcon_core.package_identification:_identify(.) by extension 'python_setup_py'
[1.110s] Level 1:colcon.colcon_core.package_identification:_identify(build) by extensions ['ignore', 'ignore_ament_install']
[1.110s] Level 1:colcon.colcon_core.package_identification:_identify(build) by extension 'ignore'
[1.110s] Level 1:colcon.colcon_core.package_identification:_identify(build) ignored
[1.111s] Level 1:colcon.colcon_core.package_identification:_identify(install) by extensions ['ignore', 'ignore_ament_install']
[1.111s] Level 1:colcon.colcon_core.package_identification:_identify(install) by extension 'ignore'
[1.111s] Level 1:colcon.colcon_core.package_identification:_identify(install) ignored
[1.111s] Level 1:colcon.colcon_core.package_identification:_identify(log) by extensions ['ignore', 'ignore_ament_install']
[1.111s] Level 1:colcon.colcon_core.package_identification:_identify(log) by extension 'ignore'
[1.111s] Level 1:colcon.colcon_core.package_identification:_identify(log) ignored
[1.111s] Level 1:colcon.colcon_core.package_identification:_identify(src) by extensions ['ignore', 'ignore_ament_install']
[1.111s] Level 1:colcon.colcon_core.package_identification:_identify(src) by extension 'ignore'
[1.111s] Level 1:colcon.colcon_core.package_identification:_identify(src) by extension 'ignore_ament_install'
[1.111s] Level 1:colcon.colcon_core.package_identification:_identify(src) by extensions ['colcon_pkg']
[1.111s] Level 1:colcon.colcon_core.package_identification:_identify(src) by extension 'colcon_pkg'
[1.111s] Level 1:colcon.colcon_core.package_identification:_identify(src) by extensions ['colcon_meta']
[1.111s] Level 1:colcon.colcon_core.package_identification:_identify(src) by extension 'colcon_meta'
[1.111s] Level 1:colcon.colcon_core.package_identification:_identify(src) by extensions ['ros']
[1.111s] Level 1:colcon.colcon_core.package_identification:_identify(src) by extension 'ros'
[1.111s] Level 1:colcon.colcon_core.package_identification:_identify(src) by extensions ['cmake', 'python']
[1.111s] Level 1:colcon.colcon_core.package_identification:_identify(src) by extension 'cmake'
[1.111s] Level 1:colcon.colcon_core.package_identification:_identify(src) by extension 'python'
[1.111s] Level 1:colcon.colcon_core.package_identification:_identify(src) by extensions ['python_setup_py']
[1.111s] Level 1:colcon.colcon_core.package_identification:_identify(src) by extension 'python_setup_py'
[1.112s] Level 1:colcon.colcon_core.package_identification:_identify(src/px4_msgs) by extensions ['ignore', 'ignore_ament_install']
[1.112s] Level 1:colcon.colcon_core.package_identification:_identify(src/px4_msgs) by extension 'ignore'
[1.112s] Level 1:colcon.colcon_core.package_identification:_identify(src/px4_msgs) by extension 'ignore_ament_install'
[1.112s] Level 1:colcon.colcon_core.package_identification:_identify(src/px4_msgs) by extensions ['colcon_pkg']
[1.112s] Level 1:colcon.colcon_core.package_identification:_identify(src/px4_msgs) by extension 'colcon_pkg'
[1.112s] Level 1:colcon.colcon_core.package_identification:_identify(src/px4_msgs) by extensions ['colcon_meta']
[1.112s] Level 1:colcon.colcon_core.package_identification:_identify(src/px4_msgs) by extension 'colcon_meta'
[1.112s] Level 1:colcon.colcon_core.package_identification:_identify(src/px4_msgs) by extensions ['ros']
[1.112s] Level 1:colcon.colcon_core.package_identification:_identify(src/px4_msgs) by extension 'ros'
[1.114s] DEBUG:colcon.colcon_core.package_identification:Package 'src/px4_msgs' with type 'ros.ament_cmake' and name 'px4_msgs'
[1.114s] Level 1:colcon.colcon_core.package_identification:_identify(src/px4_ros_com) by extensions ['ignore', 'ignore_ament_install']
[1.114s] Level 1:colcon.colcon_core.package_identification:_identify(src/px4_ros_com) by extension 'ignore'
[1.114s] Level 1:colcon.colcon_core.package_identification:_identify(src/px4_ros_com) by extension 'ignore_ament_install'
[1.114s] Level 1:colcon.colcon_core.package_identification:_identify(src/px4_ros_com) by extensions ['colcon_pkg']
[1.114s] Level 1:colcon.colcon_core.package_identification:_identify(src/px4_ros_com) by extension 'colcon_pkg'
[1.114s] Level 1:colcon.colcon_core.package_identification:_identify(src/px4_ros_com) by extensions ['colcon_meta']
[1.114s] Level 1:colcon.colcon_core.package_identification:_identify(src/px4_ros_com) by extension 'colcon_meta'
[1.114s] Level 1:colcon.colcon_core.package_identification:_identify(src/px4_ros_com) by extensions ['ros']
[1.114s] Level 1:colcon.colcon_core.package_identification:_identify(src/px4_ros_com) by extension 'ros'
[1.115s] DEBUG:colcon.colcon_core.package_identification:Package 'src/px4_ros_com' with type 'ros.ament_cmake' and name 'px4_ros_com'
[1.115s] Level 1:colcon.colcon_core.package_identification:_identify(src/py_pubsub) by extensions ['ignore', 'ignore_ament_install']
[1.116s] Level 1:colcon.colcon_core.package_identification:_identify(src/py_pubsub) by extension 'ignore'
[1.116s] Level 1:colcon.colcon_core.package_identification:_identify(src/py_pubsub) by extension 'ignore_ament_install'
[1.116s] Level 1:colcon.colcon_core.package_identification:_identify(src/py_pubsub) by extensions ['colcon_pkg']
[1.116s] Level 1:colcon.colcon_core.package_identification:_identify(src/py_pubsub) by extension 'colcon_pkg'
[1.116s] Level 1:colcon.colcon_core.package_identification:_identify(src/py_pubsub) by extensions ['colcon_meta']
[1.116s] Level 1:colcon.colcon_core.package_identification:_identify(src/py_pubsub) by extension 'colcon_meta'
[1.116s] Level 1:colcon.colcon_core.package_identification:_identify(src/py_pubsub) by extensions ['ros']
[1.116s] Level 1:colcon.colcon_core.package_identification:_identify(src/py_pubsub) by extension 'ros'
[1.116s] DEBUG:colcon.colcon_core.package_identification:Package 'src/py_pubsub' with type 'ros.ament_python' and name 'py_pubsub'
[1.116s] Level 1:colcon.colcon_core.package_discovery:discover_packages(recursive) using defaults
[1.116s] Level 1:colcon.colcon_core.package_discovery:discover_packages(ignore) discover
[1.116s] Level 1:colcon.colcon_core.package_discovery:discover_packages(ignore) using defaults
[1.116s] Level 1:colcon.colcon_core.package_discovery:discover_packages(path) discover
[1.116s] Level 1:colcon.colcon_core.package_discovery:discover_packages(path) using defaults
[1.205s] Level 1:colcon.colcon_core.package_discovery:discover_packages(prefix_path) check parameters
[1.205s] Level 1:colcon.colcon_core.package_discovery:discover_packages(prefix_path) discover
[1.236s] DEBUG:colcon.colcon_installed_package_information.package_discovery:Found 270 installed packages in /opt/ros/humble
[1.237s] Level 1:colcon.colcon_core.package_discovery:discover_packages(prefix_path) using defaults
[1.331s] Level 5:colcon.colcon_core.verb:set package 'px4_msgs' build argument 'cmake_args' from command line to 'None'
[1.332s] Level 5:colcon.colcon_core.verb:set package 'px4_msgs' build argument 'cmake_target' from command line to 'None'
[1.332s] Level 5:colcon.colcon_core.verb:set package 'px4_msgs' build argument 'cmake_target_skip_unavailable' from command line to 'False'
[1.332s] Level 5:colcon.colcon_core.verb:set package 'px4_msgs' build argument 'cmake_clean_cache' from command line to 'False'
[1.332s] Level 5:colcon.colcon_core.verb:set package 'px4_msgs' build argument 'cmake_clean_first' from command line to 'False'
[1.332s] Level 5:colcon.colcon_core.verb:set package 'px4_msgs' build argument 'cmake_force_configure' from command line to 'False'
[1.332s] Level 5:colcon.colcon_core.verb:set package 'px4_msgs' build argument 'ament_cmake_args' from command line to 'None'
[1.332s] Level 5:colcon.colcon_core.verb:set package 'px4_msgs' build argument 'catkin_cmake_args' from command line to 'None'
[1.332s] Level 5:colcon.colcon_core.verb:set package 'px4_msgs' build argument 'catkin_skip_building_tests' from command line to 'False'
[1.332s] DEBUG:colcon.colcon_core.verb:Building package 'px4_msgs' with the following arguments: {'ament_cmake_args': None, 'build_base': '/home/moonjung/ws_ros2/build/px4_msgs', 'catkin_cmake_args': None, 'catkin_skip_building_tests': False, 'cmake_args': None, 'cmake_clean_cache': False, 'cmake_clean_first': False, 'cmake_force_configure': False, 'cmake_target': None, 'cmake_target_skip_unavailable': False, 'install_base': '/home/moonjung/ws_ros2/install/px4_msgs', 'merge_install': False, 'path': '/home/moonjung/ws_ros2/src/px4_msgs', 'symlink_install': False, 'test_result_base': None}
[1.346s] Level 5:colcon.colcon_core.verb:set package 'py_pubsub' build argument 'cmake_args' from command line to 'None'
[1.346s] Level 5:colcon.colcon_core.verb:set package 'py_pubsub' build argument 'cmake_target' from command line to 'None'
[1.346s] Level 5:colcon.colcon_core.verb:set package 'py_pubsub' build argument 'cmake_target_skip_unavailable' from command line to 'False'
[1.346s] Level 5:colcon.colcon_core.verb:set package 'py_pubsub' build argument 'cmake_clean_cache' from command line to 'False'
[1.346s] Level 5:colcon.colcon_core.verb:set package 'py_pubsub' build argument 'cmake_clean_first' from command line to 'False'
[1.346s] Level 5:colcon.colcon_core.verb:set package 'py_pubsub' build argument 'cmake_force_configure' from command line to 'False'
[1.346s] Level 5:colcon.colcon_core.verb:set package 'py_pubsub' build argument 'ament_cmake_args' from command line to 'None'
[1.346s] Level 5:colcon.colcon_core.verb:set package 'py_pubsub' build argument 'catkin_cmake_args' from command line to 'None'
[1.346s] Level 5:colcon.colcon_core.verb:set package 'py_pubsub' build argument 'catkin_skip_building_tests' from command line to 'False'
[1.346s] DEBUG:colcon.colcon_core.verb:Building package 'py_pubsub' with the following arguments: {'ament_cmake_args': None, 'build_base': '/home/moonjung/ws_ros2/build/py_pubsub', 'catkin_cmake_args': None, 'catkin_skip_building_tests': False, 'cmake_args': None, 'cmake_clean_cache': False, 'cmake_clean_first': False, 'cmake_force_configure': False, 'cmake_target': None, 'cmake_target_skip_unavailable': False, 'install_base': '/home/moonjung/ws_ros2/install/py_pubsub', 'merge_install': False, 'path': '/home/moonjung/ws_ros2/src/py_pubsub', 'symlink_install': False, 'test_result_base': None}
[1.361s] Level 5:colcon.colcon_core.verb:set package 'px4_ros_com' build argument 'cmake_args' from command line to 'None'
[1.361s] Level 5:colcon.colcon_core.verb:set package 'px4_ros_com' build argument 'cmake_target' from command line to 'None'
[1.361s] Level 5:colcon.colcon_core.verb:set package 'px4_ros_com' build argument 'cmake_target_skip_unavailable' from command line to 'False'
[1.361s] Level 5:colcon.colcon_core.verb:set package 'px4_ros_com' build argument 'cmake_clean_cache' from command line to 'False'
[1.361s] Level 5:colcon.colcon_core.verb:set package 'px4_ros_com' build argument 'cmake_clean_first' from command line to 'False'
[1.361s] Level 5:colcon.colcon_core.verb:set package 'px4_ros_com' build argument 'cmake_force_configure' from command line to 'False'
[1.361s] Level 5:colcon.colcon_core.verb:set package 'px4_ros_com' build argument 'ament_cmake_args' from command line to 'None'
[1.361s] Level 5:colcon.colcon_core.verb:set package 'px4_ros_com' build argument 'catkin_cmake_args' from command line to 'None'
[1.361s] Level 5:colcon.colcon_core.verb:set package 'px4_ros_com' build argument 'catkin_skip_building_tests' from command line to 'False'
[1.361s] DEBUG:colcon.colcon_core.verb:Building package 'px4_ros_com' with the following arguments: {'ament_cmake_args': None, 'build_base': '/home/moonjung/ws_ros2/build/px4_ros_com', 'catkin_cmake_args': None, 'catkin_skip_building_tests': False, 'cmake_args': None, 'cmake_clean_cache': False, 'cmake_clean_first': False, 'cmake_force_configure': False, 'cmake_target': None, 'cmake_target_skip_unavailable': False, 'install_base': '/home/moonjung/ws_ros2/install/px4_ros_com', 'merge_install': False, 'path': '/home/moonjung/ws_ros2/src/px4_ros_com', 'symlink_install': False, 'test_result_base': None}
[1.376s] INFO:colcon.colcon_core.executor:Executing jobs using 'parallel' executor
[1.391s] DEBUG:colcon.colcon_parallel_executor.executor.parallel:run_until_complete
[1.391s] INFO:colcon.colcon_ros.task.ament_cmake.build:Building ROS package in '/home/moonjung/ws_ros2/src/px4_msgs' with build type 'ament_cmake'
[1.391s] INFO:colcon.colcon_cmake.task.cmake.build:Building CMake package in '/home/moonjung/ws_ros2/src/px4_msgs'
[1.407s] INFO:colcon.colcon_core.plugin_system:Skipping extension 'colcon_core.shell.bat': Not used on non-Windows systems
[1.407s] INFO:colcon.colcon_core.shell:Skip shell extension 'powershell' for command environment: Not usable outside of PowerShell
[1.407s] DEBUG:colcon.colcon_core.shell:Skip shell extension 'dsv' for command environment
[1.437s] INFO:colcon.colcon_ros.task.ament_python.build:Building ROS package in '/home/moonjung/ws_ros2/src/py_pubsub' with build type 'ament_python'
[1.438s] Level 1:colcon.colcon_core.shell:create_environment_hook('py_pubsub', 'ament_prefix_path')
[1.453s] INFO:colcon.colcon_core.shell:Creating environment hook '/home/moonjung/ws_ros2/install/py_pubsub/share/py_pubsub/hook/ament_prefix_path.ps1'
[1.453s] INFO:colcon.colcon_core.shell:Creating environment descriptor '/home/moonjung/ws_ros2/install/py_pubsub/share/py_pubsub/hook/ament_prefix_path.dsv'
[1.454s] INFO:colcon.colcon_core.shell:Creating environment hook '/home/moonjung/ws_ros2/install/py_pubsub/share/py_pubsub/hook/ament_prefix_path.sh'
[1.469s] INFO:colcon.colcon_core.shell:Skip shell extension 'powershell' for command environment: Not usable outside of PowerShell
[1.469s] DEBUG:colcon.colcon_core.shell:Skip shell extension 'dsv' for command environment
[1.505s] DEBUG:colcon.colcon_core.event_handler.log_command:Invoking command in '/home/moonjung/ws_ros2/build/px4_msgs': CMAKE_PREFIX_PATH=/opt/ros/humble /home/moonjung/.local/bin/cmake --build /home/moonjung/ws_ros2/build/px4_msgs -- -j12 -l12
[1.726s] INFO:colcon.colcon_core.task.python.build:Building Python package in '/home/moonjung/ws_ros2/src/py_pubsub'
[1.741s] INFO:colcon.colcon_core.shell:Skip shell extension 'powershell' for command environment: Not usable outside of PowerShell
[1.741s] DEBUG:colcon.colcon_core.shell:Skip shell extension 'dsv' for command environment
[2.099s] DEBUG:colcon.colcon_core.event_handler.log_command:Invoking command in '/home/moonjung/ws_ros2/src/py_pubsub': PYTHONPATH=/home/moonjung/ws_ros2/build/py_pubsub/prefix_override:/home/moonjung/ws_ros2/install/py_pubsub/lib/python3.10/site-packages:${PYTHONPATH} /usr/bin/python3 setup.py egg_info --egg-base ../../build/py_pubsub build --build-base /home/moonjung/ws_ros2/build/py_pubsub/build install --record /home/moonjung/ws_ros2/build/py_pubsub/install.log --single-version-externally-managed
[2.419s] DEBUG:colcon.colcon_core.event_handler.log_command:Invoked command in '/home/moonjung/ws_ros2/src/py_pubsub' returned '0': PYTHONPATH=/home/moonjung/ws_ros2/build/py_pubsub/prefix_override:/home/moonjung/ws_ros2/install/py_pubsub/lib/python3.10/site-packages:${PYTHONPATH} /usr/bin/python3 setup.py egg_info --egg-base ../../build/py_pubsub build --build-base /home/moonjung/ws_ros2/build/py_pubsub/build install --record /home/moonjung/ws_ros2/build/py_pubsub/install.log --single-version-externally-managed
[2.438s] Level 1:colcon.colcon_core.environment:checking '/home/moonjung/ws_ros2/install/py_pubsub' for CMake module files
[2.438s] Level 1:colcon.colcon_core.environment:checking '/home/moonjung/ws_ros2/install/py_pubsub' for CMake config files
[2.439s] Level 1:colcon.colcon_core.environment:checking '/home/moonjung/ws_ros2/install/py_pubsub/lib'
[2.439s] Level 1:colcon.colcon_core.environment:checking '/home/moonjung/ws_ros2/install/py_pubsub/bin'
[2.439s] Level 1:colcon.colcon_core.environment:checking '/home/moonjung/ws_ros2/install/py_pubsub/lib/pkgconfig/py_pubsub.pc'
[2.439s] Level 1:colcon.colcon_core.environment:checking '/home/moonjung/ws_ros2/install/py_pubsub/lib/python3.10/site-packages'
[2.439s] Level 1:colcon.colcon_core.shell:create_environment_hook('py_pubsub', 'pythonpath')
[2.454s] INFO:colcon.colcon_core.shell:Creating environment hook '/home/moonjung/ws_ros2/install/py_pubsub/share/py_pubsub/hook/pythonpath.ps1'
[2.454s] INFO:colcon.colcon_core.shell:Creating environment descriptor '/home/moonjung/ws_ros2/install/py_pubsub/share/py_pubsub/hook/pythonpath.dsv'
[2.455s] INFO:colcon.colcon_core.shell:Creating environment hook '/home/moonjung/ws_ros2/install/py_pubsub/share/py_pubsub/hook/pythonpath.sh'
[2.455s] Level 1:colcon.colcon_core.environment:checking '/home/moonjung/ws_ros2/install/py_pubsub/bin'
[2.455s] Level 1:colcon.colcon_core.environment:create_environment_scripts_only(py_pubsub)
[2.470s] INFO:colcon.colcon_core.shell:Creating package script '/home/moonjung/ws_ros2/install/py_pubsub/share/py_pubsub/package.ps1'
[2.471s] INFO:colcon.colcon_core.shell:Creating package descriptor '/home/moonjung/ws_ros2/install/py_pubsub/share/py_pubsub/package.dsv'
[2.471s] INFO:colcon.colcon_core.shell:Creating package script '/home/moonjung/ws_ros2/install/py_pubsub/share/py_pubsub/package.sh'
[2.472s] INFO:colcon.colcon_core.shell:Creating package script '/home/moonjung/ws_ros2/install/py_pubsub/share/py_pubsub/package.bash'
[2.472s] INFO:colcon.colcon_core.shell:Creating package script '/home/moonjung/ws_ros2/install/py_pubsub/share/py_pubsub/package.zsh'
[2.473s] Level 1:colcon.colcon_core.environment:create_file_with_runtime_dependencies(/home/moonjung/ws_ros2/install/py_pubsub/share/colcon-core/packages/py_pubsub)
[2.476s] DEBUG:colcon.colcon_core.event_handler.log_command:Invoked command in '/home/moonjung/ws_ros2/build/px4_msgs' returned '0': CMAKE_PREFIX_PATH=/opt/ros/humble /home/moonjung/.local/bin/cmake --build /home/moonjung/ws_ros2/build/px4_msgs -- -j12 -l12
[10.055s] DEBUG:colcon.colcon_core.event_handler.log_command:Invoking command in '/home/moonjung/ws_ros2/build/px4_msgs': CMAKE_PREFIX_PATH=/opt/ros/humble /home/moonjung/.local/bin/cmake --install /home/moonjung/ws_ros2/build/px4_msgs
[10.290s] Level 1:colcon.colcon_core.environment:create_environment_scripts_only(px4_msgs)
[10.470s] Level 1:colcon.colcon_core.environment:checking '/home/moonjung/ws_ros2/install/px4_msgs' for CMake module files
[10.479s] Level 1:colcon.colcon_core.environment:checking '/home/moonjung/ws_ros2/install/px4_msgs' for CMake config files
[10.496s] Level 1:colcon.colcon_core.shell:create_environment_hook('px4_msgs', 'cmake_prefix_path')
[10.699s] INFO:colcon.colcon_core.shell:Creating environment hook '/home/moonjung/ws_ros2/install/px4_msgs/share/px4_msgs/hook/cmake_prefix_path.ps1'
[10.700s] DEBUG:colcon.colcon_core.event_handler.log_command:Invoked command in '/home/moonjung/ws_ros2/build/px4_msgs' returned '0': CMAKE_PREFIX_PATH=/opt/ros/humble /home/moonjung/.local/bin/cmake --install /home/moonjung/ws_ros2/build/px4_msgs
[10.700s] INFO:colcon.colcon_core.shell:Creating environment descriptor '/home/moonjung/ws_ros2/install/px4_msgs/share/px4_msgs/hook/cmake_prefix_path.dsv'
[10.701s] INFO:colcon.colcon_core.shell:Creating environment hook '/home/moonjung/ws_ros2/install/px4_msgs/share/px4_msgs/hook/cmake_prefix_path.sh'
[10.701s] Level 1:colcon.colcon_core.environment:checking '/home/moonjung/ws_ros2/install/px4_msgs/lib'
[10.701s] Level 1:colcon.colcon_core.shell:create_environment_hook('px4_msgs', 'ld_library_path_lib')
[10.716s] INFO:colcon.colcon_core.shell:Creating environment hook '/home/moonjung/ws_ros2/install/px4_msgs/share/px4_msgs/hook/ld_library_path_lib.ps1'
[10.716s] INFO:colcon.colcon_core.shell:Creating environment descriptor '/home/moonjung/ws_ros2/install/px4_msgs/share/px4_msgs/hook/ld_library_path_lib.dsv'
[10.716s] INFO:colcon.colcon_core.shell:Creating environment hook '/home/moonjung/ws_ros2/install/px4_msgs/share/px4_msgs/hook/ld_library_path_lib.sh'
[10.717s] Level 1:colcon.colcon_core.environment:checking '/home/moonjung/ws_ros2/install/px4_msgs/bin'
[10.717s] Level 1:colcon.colcon_core.environment:checking '/home/moonjung/ws_ros2/install/px4_msgs/lib/pkgconfig/px4_msgs.pc'
[10.717s] Level 1:colcon.colcon_core.environment:checking '/home/moonjung/ws_ros2/install/px4_msgs/lib/python3.10/site-packages'
[10.717s] Level 1:colcon.colcon_core.environment:checking '/home/moonjung/ws_ros2/install/px4_msgs/bin'
[10.733s] INFO:colcon.colcon_core.shell:Creating package script '/home/moonjung/ws_ros2/install/px4_msgs/share/px4_msgs/package.ps1'
[10.733s] INFO:colcon.colcon_core.shell:Creating package descriptor '/home/moonjung/ws_ros2/install/px4_msgs/share/px4_msgs/package.dsv'
[10.733s] INFO:colcon.colcon_core.shell:Creating package script '/home/moonjung/ws_ros2/install/px4_msgs/share/px4_msgs/package.sh'
[10.734s] INFO:colcon.colcon_core.shell:Creating package script '/home/moonjung/ws_ros2/install/px4_msgs/share/px4_msgs/package.bash'
[10.734s] INFO:colcon.colcon_core.shell:Creating package script '/home/moonjung/ws_ros2/install/px4_msgs/share/px4_msgs/package.zsh'
[10.734s] Level 1:colcon.colcon_core.environment:create_file_with_runtime_dependencies(/home/moonjung/ws_ros2/install/px4_msgs/share/colcon-core/packages/px4_msgs)
[18.275s] Level 1:colcon.colcon_core.environment:create_environment_scripts_only(px4_msgs)
[18.289s] Level 1:colcon.colcon_core.environment:checking '/home/moonjung/ws_ros2/install/px4_msgs' for CMake module files
[18.290s] Level 1:colcon.colcon_core.environment:checking '/home/moonjung/ws_ros2/install/px4_msgs' for CMake config files
[18.290s] Level 1:colcon.colcon_core.shell:create_environment_hook('px4_msgs', 'cmake_prefix_path')
[18.304s] INFO:colcon.colcon_core.shell:Creating environment hook '/home/moonjung/ws_ros2/install/px4_msgs/share/px4_msgs/hook/cmake_prefix_path.ps1'
[18.305s] INFO:colcon.colcon_core.shell:Creating environment descriptor '/home/moonjung/ws_ros2/install/px4_msgs/share/px4_msgs/hook/cmake_prefix_path.dsv'
[18.305s] INFO:colcon.colcon_core.shell:Creating environment hook '/home/moonjung/ws_ros2/install/px4_msgs/share/px4_msgs/hook/cmake_prefix_path.sh'
[18.305s] Level 1:colcon.colcon_core.environment:checking '/home/moonjung/ws_ros2/install/px4_msgs/lib'
[18.305s] Level 1:colcon.colcon_core.shell:create_environment_hook('px4_msgs', 'ld_library_path_lib')
[18.320s] INFO:colcon.colcon_core.shell:Creating environment hook '/home/moonjung/ws_ros2/install/px4_msgs/share/px4_msgs/hook/ld_library_path_lib.ps1'
[18.320s] INFO:colcon.colcon_core.shell:Creating environment descriptor '/home/moonjung/ws_ros2/install/px4_msgs/share/px4_msgs/hook/ld_library_path_lib.dsv'
[18.321s] INFO:colcon.colcon_core.shell:Creating environment hook '/home/moonjung/ws_ros2/install/px4_msgs/share/px4_msgs/hook/ld_library_path_lib.sh'
[18.321s] Level 1:colcon.colcon_core.environment:checking '/home/moonjung/ws_ros2/install/px4_msgs/bin'
[18.321s] Level 1:colcon.colcon_core.environment:checking '/home/moonjung/ws_ros2/install/px4_msgs/lib/pkgconfig/px4_msgs.pc'
[18.321s] Level 1:colcon.colcon_core.environment:checking '/home/moonjung/ws_ros2/install/px4_msgs/lib/python3.10/site-packages'
[18.321s] Level 1:colcon.colcon_core.environment:checking '/home/moonjung/ws_ros2/install/px4_msgs/bin'
[18.336s] INFO:colcon.colcon_core.shell:Creating package script '/home/moonjung/ws_ros2/install/px4_msgs/share/px4_msgs/package.ps1'
[18.336s] INFO:colcon.colcon_core.shell:Creating package descriptor '/home/moonjung/ws_ros2/install/px4_msgs/share/px4_msgs/package.dsv'
[18.337s] INFO:colcon.colcon_core.shell:Creating package script '/home/moonjung/ws_ros2/install/px4_msgs/share/px4_msgs/package.sh'
[18.337s] INFO:colcon.colcon_core.shell:Creating package script '/home/moonjung/ws_ros2/install/px4_msgs/share/px4_msgs/package.bash'
[18.337s] INFO:colcon.colcon_core.shell:Creating package script '/home/moonjung/ws_ros2/install/px4_msgs/share/px4_msgs/package.zsh'
[18.338s] Level 1:colcon.colcon_core.environment:create_file_with_runtime_dependencies(/home/moonjung/ws_ros2/install/px4_msgs/share/colcon-core/packages/px4_msgs)
[18.338s] INFO:colcon.colcon_ros.task.ament_cmake.build:Building ROS package in '/home/moonjung/ws_ros2/src/px4_ros_com' with build type 'ament_cmake'
[18.338s] INFO:colcon.colcon_cmake.task.cmake.build:Building CMake package in '/home/moonjung/ws_ros2/src/px4_ros_com'
[18.354s] INFO:colcon.colcon_core.shell:Skip shell extension 'powershell' for command environment: Not usable outside of PowerShell
[18.354s] DEBUG:colcon.colcon_core.shell:Skip shell extension 'dsv' for command environment
[18.509s] DEBUG:colcon.colcon_core.event_handler.log_command:Invoking command in '/home/moonjung/ws_ros2/build/px4_ros_com': AMENT_PREFIX_PATH=/home/moonjung/ws_ros2/install/px4_msgs:${AMENT_PREFIX_PATH} CMAKE_PREFIX_PATH=/home/moonjung/ws_ros2/install/px4_msgs:/opt/ros/humble LD_LIBRARY_PATH=/home/moonjung/ws_ros2/install/px4_msgs/lib:${LD_LIBRARY_PATH} PYTHONPATH=/home/moonjung/ws_ros2/install/px4_msgs/local/lib/python3.10/dist-packages:${PYTHONPATH} /home/moonjung/.local/bin/cmake --build /home/moonjung/ws_ros2/build/px4_ros_com -- -j12 -l12
[18.571s] DEBUG:colcon.colcon_core.event_handler.log_command:Invoked command in '/home/moonjung/ws_ros2/build/px4_ros_com' returned '0': AMENT_PREFIX_PATH=/home/moonjung/ws_ros2/install/px4_msgs:${AMENT_PREFIX_PATH} CMAKE_PREFIX_PATH=/home/moonjung/ws_ros2/install/px4_msgs:/opt/ros/humble LD_LIBRARY_PATH=/home/moonjung/ws_ros2/install/px4_msgs/lib:${LD_LIBRARY_PATH} PYTHONPATH=/home/moonjung/ws_ros2/install/px4_msgs/local/lib/python3.10/dist-packages:${PYTHONPATH} /home/moonjung/.local/bin/cmake --build /home/moonjung/ws_ros2/build/px4_ros_com -- -j12 -l12
[18.647s] DEBUG:colcon.colcon_core.event_handler.log_command:Invoking command in '/home/moonjung/ws_ros2/build/px4_ros_com': AMENT_PREFIX_PATH=/home/moonjung/ws_ros2/install/px4_msgs:${AMENT_PREFIX_PATH} CMAKE_PREFIX_PATH=/home/moonjung/ws_ros2/install/px4_msgs:/opt/ros/humble LD_LIBRARY_PATH=/home/moonjung/ws_ros2/install/px4_msgs/lib:${LD_LIBRARY_PATH} PYTHONPATH=/home/moonjung/ws_ros2/install/px4_msgs/local/lib/python3.10/dist-packages:${PYTHONPATH} /home/moonjung/.local/bin/cmake --install /home/moonjung/ws_ros2/build/px4_ros_com
[18.678s] Level 1:colcon.colcon_core.environment:create_environment_scripts_only(px4_ros_com)
[18.679s] DEBUG:colcon.colcon_core.event_handler.log_command:Invoked command in '/home/moonjung/ws_ros2/build/px4_ros_com' returned '0': AMENT_PREFIX_PATH=/home/moonjung/ws_ros2/install/px4_msgs:${AMENT_PREFIX_PATH} CMAKE_PREFIX_PATH=/home/moonjung/ws_ros2/install/px4_msgs:/opt/ros/humble LD_LIBRARY_PATH=/home/moonjung/ws_ros2/install/px4_msgs/lib:${LD_LIBRARY_PATH} PYTHONPATH=/home/moonjung/ws_ros2/install/px4_msgs/local/lib/python3.10/dist-packages:${PYTHONPATH} /home/moonjung/.local/bin/cmake --install /home/moonjung/ws_ros2/build/px4_ros_com
[18.693s] Level 1:colcon.colcon_core.environment:checking '/home/moonjung/ws_ros2/install/px4_ros_com' for CMake module files
[18.694s] Level 1:colcon.colcon_core.environment:checking '/home/moonjung/ws_ros2/install/px4_ros_com' for CMake config files
[18.694s] Level 1:colcon.colcon_core.shell:create_environment_hook('px4_ros_com', 'cmake_prefix_path')
[18.708s] INFO:colcon.colcon_core.shell:Creating environment hook '/home/moonjung/ws_ros2/install/px4_ros_com/share/px4_ros_com/hook/cmake_prefix_path.ps1'
[18.709s] INFO:colcon.colcon_core.shell:Creating environment descriptor '/home/moonjung/ws_ros2/install/px4_ros_com/share/px4_ros_com/hook/cmake_prefix_path.dsv'
[18.709s] INFO:colcon.colcon_core.shell:Creating environment hook '/home/moonjung/ws_ros2/install/px4_ros_com/share/px4_ros_com/hook/cmake_prefix_path.sh'
[18.709s] Level 1:colcon.colcon_core.environment:checking '/home/moonjung/ws_ros2/install/px4_ros_com/lib'
[18.710s] Level 1:colcon.colcon_core.shell:create_environment_hook('px4_ros_com', 'ld_library_path_lib')
[18.724s] INFO:colcon.colcon_core.shell:Creating environment hook '/home/moonjung/ws_ros2/install/px4_ros_com/share/px4_ros_com/hook/ld_library_path_lib.ps1'
[18.725s] INFO:colcon.colcon_core.shell:Creating environment descriptor '/home/moonjung/ws_ros2/install/px4_ros_com/share/px4_ros_com/hook/ld_library_path_lib.dsv'
[18.725s] INFO:colcon.colcon_core.shell:Creating environment hook '/home/moonjung/ws_ros2/install/px4_ros_com/share/px4_ros_com/hook/ld_library_path_lib.sh'
[18.725s] Level 1:colcon.colcon_core.environment:checking '/home/moonjung/ws_ros2/install/px4_ros_com/bin'
[18.725s] Level 1:colcon.colcon_core.environment:checking '/home/moonjung/ws_ros2/install/px4_ros_com/lib/pkgconfig/px4_ros_com.pc'
[18.725s] Level 1:colcon.colcon_core.environment:checking '/home/moonjung/ws_ros2/install/px4_ros_com/lib/python3.10/site-packages'
[18.726s] Level 1:colcon.colcon_core.environment:checking '/home/moonjung/ws_ros2/install/px4_ros_com/bin'
[18.740s] INFO:colcon.colcon_core.shell:Creating package script '/home/moonjung/ws_ros2/install/px4_ros_com/share/px4_ros_com/package.ps1'
[18.740s] INFO:colcon.colcon_core.shell:Creating package descriptor '/home/moonjung/ws_ros2/install/px4_ros_com/share/px4_ros_com/package.dsv'
[18.741s] INFO:colcon.colcon_core.shell:Creating package script '/home/moonjung/ws_ros2/install/px4_ros_com/share/px4_ros_com/package.sh'
[18.741s] INFO:colcon.colcon_core.shell:Creating package script '/home/moonjung/ws_ros2/install/px4_ros_com/share/px4_ros_com/package.bash'
[18.741s] INFO:colcon.colcon_core.shell:Creating package script '/home/moonjung/ws_ros2/install/px4_ros_com/share/px4_ros_com/package.zsh'
[18.742s] Level 1:colcon.colcon_core.environment:create_file_with_runtime_dependencies(/home/moonjung/ws_ros2/install/px4_ros_com/share/colcon-core/packages/px4_ros_com)
[18.833s] Level 1:colcon.colcon_core.environment:create_environment_scripts_only(px4_ros_com)
[18.847s] Level 1:colcon.colcon_core.environment:checking '/home/moonjung/ws_ros2/install/px4_ros_com' for CMake module files
[18.847s] Level 1:colcon.colcon_core.environment:checking '/home/moonjung/ws_ros2/install/px4_ros_com' for CMake config files
[18.848s] Level 1:colcon.colcon_core.shell:create_environment_hook('px4_ros_com', 'cmake_prefix_path')
[18.862s] INFO:colcon.colcon_core.shell:Creating environment hook '/home/moonjung/ws_ros2/install/px4_ros_com/share/px4_ros_com/hook/cmake_prefix_path.ps1'
[18.862s] INFO:colcon.colcon_core.shell:Creating environment descriptor '/home/moonjung/ws_ros2/install/px4_ros_com/share/px4_ros_com/hook/cmake_prefix_path.dsv'
[18.863s] INFO:colcon.colcon_core.shell:Creating environment hook '/home/moonjung/ws_ros2/install/px4_ros_com/share/px4_ros_com/hook/cmake_prefix_path.sh'
[18.863s] Level 1:colcon.colcon_core.environment:checking '/home/moonjung/ws_ros2/install/px4_ros_com/lib'
[18.863s] Level 1:colcon.colcon_core.shell:create_environment_hook('px4_ros_com', 'ld_library_path_lib')
[18.878s] INFO:colcon.colcon_core.shell:Creating environment hook '/home/moonjung/ws_ros2/install/px4_ros_com/share/px4_ros_com/hook/ld_library_path_lib.ps1'
[18.878s] INFO:colcon.colcon_core.shell:Creating environment descriptor '/home/moonjung/ws_ros2/install/px4_ros_com/share/px4_ros_com/hook/ld_library_path_lib.dsv'
[18.879s] INFO:colcon.colcon_core.shell:Creating environment hook '/home/moonjung/ws_ros2/install/px4_ros_com/share/px4_ros_com/hook/ld_library_path_lib.sh'
[18.879s] Level 1:colcon.colcon_core.environment:checking '/home/moonjung/ws_ros2/install/px4_ros_com/bin'
[18.879s] Level 1:colcon.colcon_core.environment:checking '/home/moonjung/ws_ros2/install/px4_ros_com/lib/pkgconfig/px4_ros_com.pc'
[18.879s] Level 1:colcon.colcon_core.environment:checking '/home/moonjung/ws_ros2/install/px4_ros_com/lib/python3.10/site-packages'
[18.879s] Level 1:colcon.colcon_core.environment:checking '/home/moonjung/ws_ros2/install/px4_ros_com/bin'
[18.894s] INFO:colcon.colcon_core.shell:Creating package script '/home/moonjung/ws_ros2/install/px4_ros_com/share/px4_ros_com/package.ps1'
[18.894s] INFO:colcon.colcon_core.shell:Creating package descriptor '/home/moonjung/ws_ros2/install/px4_ros_com/share/px4_ros_com/package.dsv'
[18.895s] INFO:colcon.colcon_core.shell:Creating package script '/home/moonjung/ws_ros2/install/px4_ros_com/share/px4_ros_com/package.sh'
[18.895s] INFO:colcon.colcon_core.shell:Creating package script '/home/moonjung/ws_ros2/install/px4_ros_com/share/px4_ros_com/package.bash'
[18.895s] INFO:colcon.colcon_core.shell:Creating package script '/home/moonjung/ws_ros2/install/px4_ros_com/share/px4_ros_com/package.zsh'
[18.896s] Level 1:colcon.colcon_core.environment:create_file_with_runtime_dependencies(/home/moonjung/ws_ros2/install/px4_ros_com/share/colcon-core/packages/px4_ros_com)
[18.896s] DEBUG:colcon.colcon_parallel_executor.executor.parallel:closing loop
[18.896s] DEBUG:colcon.colcon_parallel_executor.executor.parallel:loop closed
[18.896s] DEBUG:colcon.colcon_parallel_executor.executor.parallel:run_until_complete finished with '0'
[18.897s] DEBUG:colcon.colcon_core.event_reactor:joining thread
[18.968s] INFO:colcon.colcon_core.plugin_system:Skipping extension 'colcon_notification.desktop_notification.notify_send': Could not find 'notify-send'
[18.968s] INFO:colcon.colcon_core.plugin_system:Skipping extension 'colcon_notification.desktop_notification.terminal_notifier': Not used on non-Darwin systems
[18.968s] INFO:colcon.colcon_core.plugin_system:Skipping extension 'colcon_notification.desktop_notification.win32': Not used on non-Windows systems
[18.968s] INFO:colcon.colcon_notification.desktop_notification:Sending desktop notification using 'notify2'
[18.969s] DEBUG:colcon.colcon_notification.desktop_notification.notify2:Failed to initialize notify2: org.freedesktop.DBus.Error.ServiceUnknown: The name org.freedesktop.Notifications was not provided by any .service files
[18.969s] DEBUG:colcon.colcon_core.event_reactor:joined thread
[18.984s] INFO:colcon.colcon_core.shell:Creating prefix script '/home/moonjung/ws_ros2/install/local_setup.ps1'
[18.985s] INFO:colcon.colcon_core.shell:Creating prefix util module '/home/moonjung/ws_ros2/install/_local_setup_util_ps1.py'
[18.986s] INFO:colcon.colcon_core.shell:Creating prefix chain script '/home/moonjung/ws_ros2/install/setup.ps1'
[19.001s] INFO:colcon.colcon_core.shell:Creating prefix script '/home/moonjung/ws_ros2/install/local_setup.sh'
[19.001s] INFO:colcon.colcon_core.shell:Creating prefix util module '/home/moonjung/ws_ros2/install/_local_setup_util_sh.py'
[19.002s] INFO:colcon.colcon_core.shell:Creating prefix chain script '/home/moonjung/ws_ros2/install/setup.sh'
[19.017s] INFO:colcon.colcon_core.shell:Creating prefix script '/home/moonjung/ws_ros2/install/local_setup.bash'
[19.017s] INFO:colcon.colcon_core.shell:Creating prefix chain script '/home/moonjung/ws_ros2/install/setup.bash'
[19.032s] INFO:colcon.colcon_core.shell:Creating prefix script '/home/moonjung/ws_ros2/install/local_setup.zsh'
[19.033s] INFO:colcon.colcon_core.shell:Creating prefix chain script '/home/moonjung/ws_ros2/install/setup.zsh'
