[0.654s] Invoking command in '/home/moonjung/ws_ros2/src/py_pubsub': PYTHONPATH=/home/moonjung/ws_ros2/build/py_pubsub/prefix_override:/home/moonjung/ws_ros2/install/py_pubsub/lib/python3.10/site-packages:${PYTHONPATH} /usr/bin/python3 setup.py egg_info --egg-base ../../build/py_pubsub build --build-base /home/moonjung/ws_ros2/build/py_pubsub/build install --record /home/moonjung/ws_ros2/build/py_pubsub/install.log --single-version-externally-managed
[0.853s] running egg_info
[0.854s] writing ../../build/py_pubsub/py_pubsub.egg-info/PKG-INFO
[0.854s] writing dependency_links to ../../build/py_pubsub/py_pubsub.egg-info/dependency_links.txt
[0.854s] writing entry points to ../../build/py_pubsub/py_pubsub.egg-info/entry_points.txt
[0.854s] writing requirements to ../../build/py_pubsub/py_pubsub.egg-info/requires.txt
[0.854s] writing top-level names to ../../build/py_pubsub/py_pubsub.egg-info/top_level.txt
[0.856s] reading manifest file '../../build/py_pubsub/py_pubsub.egg-info/SOURCES.txt'
[0.856s] writing manifest file '../../build/py_pubsub/py_pubsub.egg-info/SOURCES.txt'
[0.856s] running build
[0.856s] running build_py
[0.857s] copying py_pubsub/publisher_member_function.py -> /home/moonjung/ws_ros2/build/py_pubsub/build/lib/py_pubsub
[0.857s] running install
[0.857s] /usr/lib/python3/dist-packages/setuptools/command/install.py:34: SetuptoolsDeprecationWarning: setup.py install is deprecated. Use build and pip and other standards-based tools.
[0.857s]   warnings.warn(
[0.857s] running install_lib
[0.858s] copying /home/moonjung/ws_ros2/build/py_pubsub/build/lib/py_pubsub/publisher_member_function.py -> /home/moonjung/ws_ros2/install/py_pubsub/lib/python3.10/site-packages/py_pubsub
[0.858s] byte-compiling /home/moonjung/ws_ros2/install/py_pubsub/lib/python3.10/site-packages/py_pubsub/publisher_member_function.py to publisher_member_function.cpython-310.pyc
[0.859s] running install_data
[0.859s] running install_egg_info
[0.860s] removing '/home/moonjung/ws_ros2/install/py_pubsub/lib/python3.10/site-packages/py_pubsub-0.0.0-py3.10.egg-info' (and everything under it)
[0.861s] Copying ../../build/py_pubsub/py_pubsub.egg-info to /home/moonjung/ws_ros2/install/py_pubsub/lib/python3.10/site-packages/py_pubsub-0.0.0-py3.10.egg-info
[0.861s] running install_scripts
[0.878s] Installing listener script to /home/moonjung/ws_ros2/install/py_pubsub/lib/py_pubsub
[0.878s] Installing talker script to /home/moonjung/ws_ros2/install/py_pubsub/lib/py_pubsub
[0.879s] writing list of installed files to '/home/moonjung/ws_ros2/build/py_pubsub/install.log'
[0.897s] Invoked command in '/home/moonjung/ws_ros2/src/py_pubsub' returned '0': PYTHONPATH=/home/moonjung/ws_ros2/build/py_pubsub/prefix_override:/home/moonjung/ws_ros2/install/py_pubsub/lib/python3.10/site-packages:${PYTHONPATH} /usr/bin/python3 setup.py egg_info --egg-base ../../build/py_pubsub build --build-base /home/moonjung/ws_ros2/build/py_pubsub/build install --record /home/moonjung/ws_ros2/build/py_pubsub/install.log --single-version-externally-managed
