[1.071s] DEBUG:colcon:Command line arguments: ['/usr/bin/colcon', 'build']
[1.071s] DEBUG:colcon:Parsed command line arguments: Namespace(log_base=None, log_level=None, verb_name='build', build_base='build', install_base='install', merge_install=False, symlink_install=False, test_result_base=None, continue_on_error=False, executor='parallel', parallel_workers=12, event_handlers=None, ignore_user_meta=False, metas=['./colcon.meta'], base_paths=['.'], packages_ignore=None, packages_ignore_regex=None, paths=None, packages_up_to=None, packages_up_to_regex=None, packages_above=None, packages_above_and_dependencies=None, packages_above_depth=None, packages_select_by_dep=None, packages_skip_by_dep=None, packages_skip_up_to=None, packages_select_build_failed=False, packages_skip_build_finished=False, packages_select_test_failures=False, packages_skip_test_passed=False, packages_select=None, packages_skip=None, packages_select_regex=None, packages_skip_regex=None, packages_start=None, packages_end=None, allow_overriding=[], cmake_args=None, cmake_target=None, cmake_target_skip_unavailable=False, cmake_clean_cache=False, cmake_clean_first=False, cmake_force_configure=False, ament_cmake_args=None, catkin_cmake_args=None, catkin_skip_building_tests=False, verb_parser=<colcon_defaults.argument_parser.defaults.DefaultArgumentsDecorator object at 0x7efe7d47c9a0>, verb_extension=<colcon_core.verb.build.BuildVerb object at 0x7efe7e2c6950>, main=<bound method BuildVerb.main of <colcon_core.verb.build.BuildVerb object at 0x7efe7e2c6950>>)
[1.117s] Level 1:colcon.colcon_core.package_discovery:discover_packages(colcon_meta) check parameters
[1.117s] Level 1:colcon.colcon_core.package_discovery:discover_packages(recursive) check parameters
[1.117s] Level 1:colcon.colcon_core.package_discovery:discover_packages(ignore) check parameters
[1.117s] Level 1:colcon.colcon_core.package_discovery:discover_packages(path) check parameters
[1.117s] Level 1:colcon.colcon_core.package_discovery:discover_packages(colcon_meta) discover
[1.117s] Level 1:colcon.colcon_core.package_discovery:discover_packages(recursive) discover
[1.117s] INFO:colcon.colcon_core.package_discovery:Crawling recursively for packages in '/home/moonjung/ws_ros2'
[1.117s] Level 1:colcon.colcon_core.package_identification:_identify(.) by extensions ['ignore', 'ignore_ament_install']
[1.117s] Level 1:colcon.colcon_core.package_identification:_identify(.) by extension 'ignore'
[1.117s] Level 1:colcon.colcon_core.package_identification:_identify(.) by extension 'ignore_ament_install'
[1.118s] Level 1:colcon.colcon_core.package_identification:_identify(.) by extensions ['colcon_pkg']
[1.118s] Level 1:colcon.colcon_core.package_identification:_identify(.) by extension 'colcon_pkg'
[1.118s] Level 1:colcon.colcon_core.package_identification:_identify(.) by extensions ['colcon_meta']
[1.118s] Level 1:colcon.colcon_core.package_identification:_identify(.) by extension 'colcon_meta'
[1.118s] Level 1:colcon.colcon_core.package_identification:_identify(.) by extensions ['ros']
[1.118s] Level 1:colcon.colcon_core.package_identification:_identify(.) by extension 'ros'
[1.127s] Level 1:colcon.colcon_core.package_identification:_identify(.) by extensions ['cmake', 'python']
[1.127s] Level 1:colcon.colcon_core.package_identification:_identify(.) by extension 'cmake'
[1.127s] Level 1:colcon.colcon_core.package_identification:_identify(.) by extension 'python'
[1.127s] Level 1:colcon.colcon_core.package_identification:_identify(.) by extensions ['python_setup_py']
[1.127s] Level 1:colcon.colcon_core.package_identification:_identify(.) by extension 'python_setup_py'
[1.127s] Level 1:colcon.colcon_core.package_identification:_identify(build) by extensions ['ignore', 'ignore_ament_install']
[1.127s] Level 1:colcon.colcon_core.package_identification:_identify(build) by extension 'ignore'
[1.127s] Level 1:colcon.colcon_core.package_identification:_identify(build) ignored
[1.127s] Level 1:colcon.colcon_core.package_identification:_identify(install) by extensions ['ignore', 'ignore_ament_install']
[1.127s] Level 1:colcon.colcon_core.package_identification:_identify(install) by extension 'ignore'
[1.127s] Level 1:colcon.colcon_core.package_identification:_identify(install) ignored
[1.127s] Level 1:colcon.colcon_core.package_identification:_identify(log) by extensions ['ignore', 'ignore_ament_install']
[1.127s] Level 1:colcon.colcon_core.package_identification:_identify(log) by extension 'ignore'
[1.127s] Level 1:colcon.colcon_core.package_identification:_identify(log) ignored
[1.128s] Level 1:colcon.colcon_core.package_identification:_identify(src) by extensions ['ignore', 'ignore_ament_install']
[1.128s] Level 1:colcon.colcon_core.package_identification:_identify(src) by extension 'ignore'
[1.128s] Level 1:colcon.colcon_core.package_identification:_identify(src) by extension 'ignore_ament_install'
[1.128s] Level 1:colcon.colcon_core.package_identification:_identify(src) by extensions ['colcon_pkg']
[1.128s] Level 1:colcon.colcon_core.package_identification:_identify(src) by extension 'colcon_pkg'
[1.128s] Level 1:colcon.colcon_core.package_identification:_identify(src) by extensions ['colcon_meta']
[1.128s] Level 1:colcon.colcon_core.package_identification:_identify(src) by extension 'colcon_meta'
[1.128s] Level 1:colcon.colcon_core.package_identification:_identify(src) by extensions ['ros']
[1.128s] Level 1:colcon.colcon_core.package_identification:_identify(src) by extension 'ros'
[1.128s] Level 1:colcon.colcon_core.package_identification:_identify(src) by extensions ['cmake', 'python']
[1.128s] Level 1:colcon.colcon_core.package_identification:_identify(src) by extension 'cmake'
[1.128s] Level 1:colcon.colcon_core.package_identification:_identify(src) by extension 'python'
[1.128s] Level 1:colcon.colcon_core.package_identification:_identify(src) by extensions ['python_setup_py']
[1.128s] Level 1:colcon.colcon_core.package_identification:_identify(src) by extension 'python_setup_py'
[1.128s] Level 1:colcon.colcon_core.package_identification:_identify(src/px4_msgs) by extensions ['ignore', 'ignore_ament_install']
[1.128s] Level 1:colcon.colcon_core.package_identification:_identify(src/px4_msgs) by extension 'ignore'
[1.128s] Level 1:colcon.colcon_core.package_identification:_identify(src/px4_msgs) by extension 'ignore_ament_install'
[1.128s] Level 1:colcon.colcon_core.package_identification:_identify(src/px4_msgs) by extensions ['colcon_pkg']
[1.128s] Level 1:colcon.colcon_core.package_identification:_identify(src/px4_msgs) by extension 'colcon_pkg'
[1.128s] Level 1:colcon.colcon_core.package_identification:_identify(src/px4_msgs) by extensions ['colcon_meta']
[1.128s] Level 1:colcon.colcon_core.package_identification:_identify(src/px4_msgs) by extension 'colcon_meta'
[1.129s] Level 1:colcon.colcon_core.package_identification:_identify(src/px4_msgs) by extensions ['ros']
[1.129s] Level 1:colcon.colcon_core.package_identification:_identify(src/px4_msgs) by extension 'ros'
[1.131s] DEBUG:colcon.colcon_core.package_identification:Package 'src/px4_msgs' with type 'ros.ament_cmake' and name 'px4_msgs'
[1.131s] Level 1:colcon.colcon_core.package_identification:_identify(src/px4_ros_com) by extensions ['ignore', 'ignore_ament_install']
[1.131s] Level 1:colcon.colcon_core.package_identification:_identify(src/px4_ros_com) by extension 'ignore'
[1.131s] Level 1:colcon.colcon_core.package_identification:_identify(src/px4_ros_com) by extension 'ignore_ament_install'
[1.131s] Level 1:colcon.colcon_core.package_identification:_identify(src/px4_ros_com) by extensions ['colcon_pkg']
[1.131s] Level 1:colcon.colcon_core.package_identification:_identify(src/px4_ros_com) by extension 'colcon_pkg'
[1.131s] Level 1:colcon.colcon_core.package_identification:_identify(src/px4_ros_com) by extensions ['colcon_meta']
[1.131s] Level 1:colcon.colcon_core.package_identification:_identify(src/px4_ros_com) by extension 'colcon_meta'
[1.131s] Level 1:colcon.colcon_core.package_identification:_identify(src/px4_ros_com) by extensions ['ros']
[1.131s] Level 1:colcon.colcon_core.package_identification:_identify(src/px4_ros_com) by extension 'ros'
[1.132s] DEBUG:colcon.colcon_core.package_identification:Package 'src/px4_ros_com' with type 'ros.ament_cmake' and name 'px4_ros_com'
[1.132s] Level 1:colcon.colcon_core.package_identification:_identify(src/py_pubsub) by extensions ['ignore', 'ignore_ament_install']
[1.132s] Level 1:colcon.colcon_core.package_identification:_identify(src/py_pubsub) by extension 'ignore'
[1.132s] Level 1:colcon.colcon_core.package_identification:_identify(src/py_pubsub) by extension 'ignore_ament_install'
[1.132s] Level 1:colcon.colcon_core.package_identification:_identify(src/py_pubsub) by extensions ['colcon_pkg']
[1.132s] Level 1:colcon.colcon_core.package_identification:_identify(src/py_pubsub) by extension 'colcon_pkg'
[1.132s] Level 1:colcon.colcon_core.package_identification:_identify(src/py_pubsub) by extensions ['colcon_meta']
[1.132s] Level 1:colcon.colcon_core.package_identification:_identify(src/py_pubsub) by extension 'colcon_meta'
[1.132s] Level 1:colcon.colcon_core.package_identification:_identify(src/py_pubsub) by extensions ['ros']
[1.132s] Level 1:colcon.colcon_core.package_identification:_identify(src/py_pubsub) by extension 'ros'
[1.133s] DEBUG:colcon.colcon_core.package_identification:Package 'src/py_pubsub' with type 'ros.ament_python' and name 'py_pubsub'
[1.133s] Level 1:colcon.colcon_core.package_discovery:discover_packages(recursive) using defaults
[1.133s] Level 1:colcon.colcon_core.package_discovery:discover_packages(ignore) discover
[1.133s] Level 1:colcon.colcon_core.package_discovery:discover_packages(ignore) using defaults
[1.133s] Level 1:colcon.colcon_core.package_discovery:discover_packages(path) discover
[1.133s] Level 1:colcon.colcon_core.package_discovery:discover_packages(path) using defaults
[1.221s] Level 1:colcon.colcon_core.package_discovery:discover_packages(prefix_path) check parameters
[1.221s] Level 1:colcon.colcon_core.package_discovery:discover_packages(prefix_path) discover
[1.250s] DEBUG:colcon.colcon_installed_package_information.package_discovery:Found 270 installed packages in /opt/ros/humble
[1.251s] Level 1:colcon.colcon_core.package_discovery:discover_packages(prefix_path) using defaults
[1.338s] Level 5:colcon.colcon_core.verb:set package 'px4_msgs' build argument 'cmake_args' from command line to 'None'
[1.338s] Level 5:colcon.colcon_core.verb:set package 'px4_msgs' build argument 'cmake_target' from command line to 'None'
[1.338s] Level 5:colcon.colcon_core.verb:set package 'px4_msgs' build argument 'cmake_target_skip_unavailable' from command line to 'False'
[1.338s] Level 5:colcon.colcon_core.verb:set package 'px4_msgs' build argument 'cmake_clean_cache' from command line to 'False'
[1.338s] Level 5:colcon.colcon_core.verb:set package 'px4_msgs' build argument 'cmake_clean_first' from command line to 'False'
[1.338s] Level 5:colcon.colcon_core.verb:set package 'px4_msgs' build argument 'cmake_force_configure' from command line to 'False'
[1.338s] Level 5:colcon.colcon_core.verb:set package 'px4_msgs' build argument 'ament_cmake_args' from command line to 'None'
[1.338s] Level 5:colcon.colcon_core.verb:set package 'px4_msgs' build argument 'catkin_cmake_args' from command line to 'None'
[1.338s] Level 5:colcon.colcon_core.verb:set package 'px4_msgs' build argument 'catkin_skip_building_tests' from command line to 'False'
[1.338s] DEBUG:colcon.colcon_core.verb:Building package 'px4_msgs' with the following arguments: {'ament_cmake_args': None, 'build_base': '/home/moonjung/ws_ros2/build/px4_msgs', 'catkin_cmake_args': None, 'catkin_skip_building_tests': False, 'cmake_args': None, 'cmake_clean_cache': False, 'cmake_clean_first': False, 'cmake_force_configure': False, 'cmake_target': None, 'cmake_target_skip_unavailable': False, 'install_base': '/home/moonjung/ws_ros2/install/px4_msgs', 'merge_install': False, 'path': '/home/moonjung/ws_ros2/src/px4_msgs', 'symlink_install': False, 'test_result_base': None}
[1.353s] Level 5:colcon.colcon_core.verb:set package 'py_pubsub' build argument 'cmake_args' from command line to 'None'
[1.353s] Level 5:colcon.colcon_core.verb:set package 'py_pubsub' build argument 'cmake_target' from command line to 'None'
[1.353s] Level 5:colcon.colcon_core.verb:set package 'py_pubsub' build argument 'cmake_target_skip_unavailable' from command line to 'False'
[1.353s] Level 5:colcon.colcon_core.verb:set package 'py_pubsub' build argument 'cmake_clean_cache' from command line to 'False'
[1.353s] Level 5:colcon.colcon_core.verb:set package 'py_pubsub' build argument 'cmake_clean_first' from command line to 'False'
[1.353s] Level 5:colcon.colcon_core.verb:set package 'py_pubsub' build argument 'cmake_force_configure' from command line to 'False'
[1.353s] Level 5:colcon.colcon_core.verb:set package 'py_pubsub' build argument 'ament_cmake_args' from command line to 'None'
[1.353s] Level 5:colcon.colcon_core.verb:set package 'py_pubsub' build argument 'catkin_cmake_args' from command line to 'None'
[1.353s] Level 5:colcon.colcon_core.verb:set package 'py_pubsub' build argument 'catkin_skip_building_tests' from command line to 'False'
[1.353s] DEBUG:colcon.colcon_core.verb:Building package 'py_pubsub' with the following arguments: {'ament_cmake_args': None, 'build_base': '/home/moonjung/ws_ros2/build/py_pubsub', 'catkin_cmake_args': None, 'catkin_skip_building_tests': False, 'cmake_args': None, 'cmake_clean_cache': False, 'cmake_clean_first': False, 'cmake_force_configure': False, 'cmake_target': None, 'cmake_target_skip_unavailable': False, 'install_base': '/home/moonjung/ws_ros2/install/py_pubsub', 'merge_install': False, 'path': '/home/moonjung/ws_ros2/src/py_pubsub', 'symlink_install': False, 'test_result_base': None}
[1.368s] Level 5:colcon.colcon_core.verb:set package 'px4_ros_com' build argument 'cmake_args' from command line to 'None'
[1.368s] Level 5:colcon.colcon_core.verb:set package 'px4_ros_com' build argument 'cmake_target' from command line to 'None'
[1.368s] Level 5:colcon.colcon_core.verb:set package 'px4_ros_com' build argument 'cmake_target_skip_unavailable' from command line to 'False'
[1.368s] Level 5:colcon.colcon_core.verb:set package 'px4_ros_com' build argument 'cmake_clean_cache' from command line to 'False'
[1.368s] Level 5:colcon.colcon_core.verb:set package 'px4_ros_com' build argument 'cmake_clean_first' from command line to 'False'
[1.368s] Level 5:colcon.colcon_core.verb:set package 'px4_ros_com' build argument 'cmake_force_configure' from command line to 'False'
[1.368s] Level 5:colcon.colcon_core.verb:set package 'px4_ros_com' build argument 'ament_cmake_args' from command line to 'None'
[1.368s] Level 5:colcon.colcon_core.verb:set package 'px4_ros_com' build argument 'catkin_cmake_args' from command line to 'None'
[1.368s] Level 5:colcon.colcon_core.verb:set package 'px4_ros_com' build argument 'catkin_skip_building_tests' from command line to 'False'
[1.368s] DEBUG:colcon.colcon_core.verb:Building package 'px4_ros_com' with the following arguments: {'ament_cmake_args': None, 'build_base': '/home/moonjung/ws_ros2/build/px4_ros_com', 'catkin_cmake_args': None, 'catkin_skip_building_tests': False, 'cmake_args': None, 'cmake_clean_cache': False, 'cmake_clean_first': False, 'cmake_force_configure': False, 'cmake_target': None, 'cmake_target_skip_unavailable': False, 'install_base': '/home/moonjung/ws_ros2/install/px4_ros_com', 'merge_install': False, 'path': '/home/moonjung/ws_ros2/src/px4_ros_com', 'symlink_install': False, 'test_result_base': None}
[1.383s] INFO:colcon.colcon_core.executor:Executing jobs using 'parallel' executor
[1.398s] DEBUG:colcon.colcon_parallel_executor.executor.parallel:run_until_complete
[1.398s] INFO:colcon.colcon_ros.task.ament_cmake.build:Building ROS package in '/home/moonjung/ws_ros2/src/px4_msgs' with build type 'ament_cmake'
[1.398s] INFO:colcon.colcon_cmake.task.cmake.build:Building CMake package in '/home/moonjung/ws_ros2/src/px4_msgs'
[1.415s] INFO:colcon.colcon_core.plugin_system:Skipping extension 'colcon_core.shell.bat': Not used on non-Windows systems
[1.415s] INFO:colcon.colcon_core.shell:Skip shell extension 'powershell' for command environment: Not usable outside of PowerShell
[1.415s] DEBUG:colcon.colcon_core.shell:Skip shell extension 'dsv' for command environment
[1.447s] INFO:colcon.colcon_ros.task.ament_python.build:Building ROS package in '/home/moonjung/ws_ros2/src/py_pubsub' with build type 'ament_python'
[1.447s] Level 1:colcon.colcon_core.shell:create_environment_hook('py_pubsub', 'ament_prefix_path')
[1.462s] INFO:colcon.colcon_core.shell:Creating environment hook '/home/moonjung/ws_ros2/install/py_pubsub/share/py_pubsub/hook/ament_prefix_path.ps1'
[1.463s] INFO:colcon.colcon_core.shell:Creating environment descriptor '/home/moonjung/ws_ros2/install/py_pubsub/share/py_pubsub/hook/ament_prefix_path.dsv'
[1.463s] INFO:colcon.colcon_core.shell:Creating environment hook '/home/moonjung/ws_ros2/install/py_pubsub/share/py_pubsub/hook/ament_prefix_path.sh'
[1.478s] INFO:colcon.colcon_core.shell:Skip shell extension 'powershell' for command environment: Not usable outside of PowerShell
[1.478s] DEBUG:colcon.colcon_core.shell:Skip shell extension 'dsv' for command environment
[1.516s] DEBUG:colcon.colcon_core.event_handler.log_command:Invoking command in '/home/moonjung/ws_ros2/build/px4_msgs': CMAKE_PREFIX_PATH=/opt/ros/humble /home/moonjung/.local/bin/cmake --build /home/moonjung/ws_ros2/build/px4_msgs -- -j12 -l12
[1.737s] INFO:colcon.colcon_core.task.python.build:Building Python package in '/home/moonjung/ws_ros2/src/py_pubsub'
[1.751s] INFO:colcon.colcon_core.shell:Skip shell extension 'powershell' for command environment: Not usable outside of PowerShell
[1.752s] DEBUG:colcon.colcon_core.shell:Skip shell extension 'dsv' for command environment
[2.096s] DEBUG:colcon.colcon_core.event_handler.log_command:Invoking command in '/home/moonjung/ws_ros2/src/py_pubsub': PYTHONPATH=/home/moonjung/ws_ros2/build/py_pubsub/prefix_override:/home/moonjung/ws_ros2/install/py_pubsub/lib/python3.10/site-packages:${PYTHONPATH} /usr/bin/python3 setup.py egg_info --egg-base ../../build/py_pubsub build --build-base /home/moonjung/ws_ros2/build/py_pubsub/build install --record /home/moonjung/ws_ros2/build/py_pubsub/install.log --single-version-externally-managed
[2.385s] DEBUG:colcon.colcon_core.event_handler.log_command:Invoked command in '/home/moonjung/ws_ros2/src/py_pubsub' returned '0': PYTHONPATH=/home/moonjung/ws_ros2/build/py_pubsub/prefix_override:/home/moonjung/ws_ros2/install/py_pubsub/lib/python3.10/site-packages:${PYTHONPATH} /usr/bin/python3 setup.py egg_info --egg-base ../../build/py_pubsub build --build-base /home/moonjung/ws_ros2/build/py_pubsub/build install --record /home/moonjung/ws_ros2/build/py_pubsub/install.log --single-version-externally-managed
[2.410s] Level 1:colcon.colcon_core.environment:checking '/home/moonjung/ws_ros2/install/py_pubsub' for CMake module files
[2.411s] Level 1:colcon.colcon_core.environment:checking '/home/moonjung/ws_ros2/install/py_pubsub' for CMake config files
[2.412s] Level 1:colcon.colcon_core.environment:checking '/home/moonjung/ws_ros2/install/py_pubsub/lib'
[2.412s] Level 1:colcon.colcon_core.environment:checking '/home/moonjung/ws_ros2/install/py_pubsub/bin'
[2.412s] Level 1:colcon.colcon_core.environment:checking '/home/moonjung/ws_ros2/install/py_pubsub/lib/pkgconfig/py_pubsub.pc'
[2.412s] Level 1:colcon.colcon_core.environment:checking '/home/moonjung/ws_ros2/install/py_pubsub/lib/python3.10/site-packages'
[2.412s] Level 1:colcon.colcon_core.shell:create_environment_hook('py_pubsub', 'pythonpath')
[2.432s] INFO:colcon.colcon_core.shell:Creating environment hook '/home/moonjung/ws_ros2/install/py_pubsub/share/py_pubsub/hook/pythonpath.ps1'
[2.432s] INFO:colcon.colcon_core.shell:Creating environment descriptor '/home/moonjung/ws_ros2/install/py_pubsub/share/py_pubsub/hook/pythonpath.dsv'
[2.433s] INFO:colcon.colcon_core.shell:Creating environment hook '/home/moonjung/ws_ros2/install/py_pubsub/share/py_pubsub/hook/pythonpath.sh'
[2.433s] Level 1:colcon.colcon_core.environment:checking '/home/moonjung/ws_ros2/install/py_pubsub/bin'
[2.433s] Level 1:colcon.colcon_core.environment:create_environment_scripts_only(py_pubsub)
[2.458s] INFO:colcon.colcon_core.shell:Creating package script '/home/moonjung/ws_ros2/install/py_pubsub/share/py_pubsub/package.ps1'
[2.459s] INFO:colcon.colcon_core.shell:Creating package descriptor '/home/moonjung/ws_ros2/install/py_pubsub/share/py_pubsub/package.dsv'
[2.459s] INFO:colcon.colcon_core.shell:Creating package script '/home/moonjung/ws_ros2/install/py_pubsub/share/py_pubsub/package.sh'
[2.460s] INFO:colcon.colcon_core.shell:Creating package script '/home/moonjung/ws_ros2/install/py_pubsub/share/py_pubsub/package.bash'
[2.460s] INFO:colcon.colcon_core.shell:Creating package script '/home/moonjung/ws_ros2/install/py_pubsub/share/py_pubsub/package.zsh'
[2.461s] Level 1:colcon.colcon_core.environment:create_file_with_runtime_dependencies(/home/moonjung/ws_ros2/install/py_pubsub/share/colcon-core/packages/py_pubsub)
[3.000s] DEBUG:colcon.colcon_core.event_handler.log_command:Invoked command in '/home/moonjung/ws_ros2/build/px4_msgs' returned '0': CMAKE_PREFIX_PATH=/opt/ros/humble /home/moonjung/.local/bin/cmake --build /home/moonjung/ws_ros2/build/px4_msgs -- -j12 -l12
[10.514s] DEBUG:colcon.colcon_core.event_handler.log_command:Invoking command in '/home/moonjung/ws_ros2/build/px4_msgs': CMAKE_PREFIX_PATH=/opt/ros/humble /home/moonjung/.local/bin/cmake --install /home/moonjung/ws_ros2/build/px4_msgs
[10.839s] Level 1:colcon.colcon_core.environment:create_environment_scripts_only(px4_msgs)
[10.993s] Level 1:colcon.colcon_core.environment:checking '/home/moonjung/ws_ros2/install/px4_msgs' for CMake module files
[11.004s] Level 1:colcon.colcon_core.environment:checking '/home/moonjung/ws_ros2/install/px4_msgs' for CMake config files
[11.019s] Level 1:colcon.colcon_core.shell:create_environment_hook('px4_msgs', 'cmake_prefix_path')
[11.028s] DEBUG:colcon.colcon_core.event_handler.log_command:Invoked command in '/home/moonjung/ws_ros2/build/px4_msgs' returned '0': CMAKE_PREFIX_PATH=/opt/ros/humble /home/moonjung/.local/bin/cmake --install /home/moonjung/ws_ros2/build/px4_msgs
[11.042s] INFO:colcon.colcon_core.shell:Creating environment hook '/home/moonjung/ws_ros2/install/px4_msgs/share/px4_msgs/hook/cmake_prefix_path.ps1'
[11.042s] INFO:colcon.colcon_core.shell:Creating environment descriptor '/home/moonjung/ws_ros2/install/px4_msgs/share/px4_msgs/hook/cmake_prefix_path.dsv'
[11.042s] INFO:colcon.colcon_core.shell:Creating environment hook '/home/moonjung/ws_ros2/install/px4_msgs/share/px4_msgs/hook/cmake_prefix_path.sh'
[11.043s] Level 1:colcon.colcon_core.environment:checking '/home/moonjung/ws_ros2/install/px4_msgs/lib'
[11.043s] Level 1:colcon.colcon_core.shell:create_environment_hook('px4_msgs', 'ld_library_path_lib')
[11.057s] INFO:colcon.colcon_core.shell:Creating environment hook '/home/moonjung/ws_ros2/install/px4_msgs/share/px4_msgs/hook/ld_library_path_lib.ps1'
[11.057s] INFO:colcon.colcon_core.shell:Creating environment descriptor '/home/moonjung/ws_ros2/install/px4_msgs/share/px4_msgs/hook/ld_library_path_lib.dsv'
[11.058s] INFO:colcon.colcon_core.shell:Creating environment hook '/home/moonjung/ws_ros2/install/px4_msgs/share/px4_msgs/hook/ld_library_path_lib.sh'
[11.058s] Level 1:colcon.colcon_core.environment:checking '/home/moonjung/ws_ros2/install/px4_msgs/bin'
[11.058s] Level 1:colcon.colcon_core.environment:checking '/home/moonjung/ws_ros2/install/px4_msgs/lib/pkgconfig/px4_msgs.pc'
[11.058s] Level 1:colcon.colcon_core.environment:checking '/home/moonjung/ws_ros2/install/px4_msgs/lib/python3.10/site-packages'
[11.058s] Level 1:colcon.colcon_core.environment:checking '/home/moonjung/ws_ros2/install/px4_msgs/bin'
[11.073s] INFO:colcon.colcon_core.shell:Creating package script '/home/moonjung/ws_ros2/install/px4_msgs/share/px4_msgs/package.ps1'
[11.074s] INFO:colcon.colcon_core.shell:Creating package descriptor '/home/moonjung/ws_ros2/install/px4_msgs/share/px4_msgs/package.dsv'
[11.074s] INFO:colcon.colcon_core.shell:Creating package script '/home/moonjung/ws_ros2/install/px4_msgs/share/px4_msgs/package.sh'
[11.074s] INFO:colcon.colcon_core.shell:Creating package script '/home/moonjung/ws_ros2/install/px4_msgs/share/px4_msgs/package.bash'
[11.074s] INFO:colcon.colcon_core.shell:Creating package script '/home/moonjung/ws_ros2/install/px4_msgs/share/px4_msgs/package.zsh'
[11.075s] Level 1:colcon.colcon_core.environment:create_file_with_runtime_dependencies(/home/moonjung/ws_ros2/install/px4_msgs/share/colcon-core/packages/px4_msgs)
[18.605s] Level 1:colcon.colcon_core.environment:create_environment_scripts_only(px4_msgs)
[18.619s] Level 1:colcon.colcon_core.environment:checking '/home/moonjung/ws_ros2/install/px4_msgs' for CMake module files
[18.619s] Level 1:colcon.colcon_core.environment:checking '/home/moonjung/ws_ros2/install/px4_msgs' for CMake config files
[18.619s] Level 1:colcon.colcon_core.shell:create_environment_hook('px4_msgs', 'cmake_prefix_path')
[18.634s] INFO:colcon.colcon_core.shell:Creating environment hook '/home/moonjung/ws_ros2/install/px4_msgs/share/px4_msgs/hook/cmake_prefix_path.ps1'
[18.634s] INFO:colcon.colcon_core.shell:Creating environment descriptor '/home/moonjung/ws_ros2/install/px4_msgs/share/px4_msgs/hook/cmake_prefix_path.dsv'
[18.634s] INFO:colcon.colcon_core.shell:Creating environment hook '/home/moonjung/ws_ros2/install/px4_msgs/share/px4_msgs/hook/cmake_prefix_path.sh'
[18.635s] Level 1:colcon.colcon_core.environment:checking '/home/moonjung/ws_ros2/install/px4_msgs/lib'
[18.635s] Level 1:colcon.colcon_core.shell:create_environment_hook('px4_msgs', 'ld_library_path_lib')
[18.649s] INFO:colcon.colcon_core.shell:Creating environment hook '/home/moonjung/ws_ros2/install/px4_msgs/share/px4_msgs/hook/ld_library_path_lib.ps1'
[18.650s] INFO:colcon.colcon_core.shell:Creating environment descriptor '/home/moonjung/ws_ros2/install/px4_msgs/share/px4_msgs/hook/ld_library_path_lib.dsv'
[18.650s] INFO:colcon.colcon_core.shell:Creating environment hook '/home/moonjung/ws_ros2/install/px4_msgs/share/px4_msgs/hook/ld_library_path_lib.sh'
[18.650s] Level 1:colcon.colcon_core.environment:checking '/home/moonjung/ws_ros2/install/px4_msgs/bin'
[18.650s] Level 1:colcon.colcon_core.environment:checking '/home/moonjung/ws_ros2/install/px4_msgs/lib/pkgconfig/px4_msgs.pc'
[18.650s] Level 1:colcon.colcon_core.environment:checking '/home/moonjung/ws_ros2/install/px4_msgs/lib/python3.10/site-packages'
[18.651s] Level 1:colcon.colcon_core.environment:checking '/home/moonjung/ws_ros2/install/px4_msgs/bin'
[18.665s] INFO:colcon.colcon_core.shell:Creating package script '/home/moonjung/ws_ros2/install/px4_msgs/share/px4_msgs/package.ps1'
[18.666s] INFO:colcon.colcon_core.shell:Creating package descriptor '/home/moonjung/ws_ros2/install/px4_msgs/share/px4_msgs/package.dsv'
[18.666s] INFO:colcon.colcon_core.shell:Creating package script '/home/moonjung/ws_ros2/install/px4_msgs/share/px4_msgs/package.sh'
[18.666s] INFO:colcon.colcon_core.shell:Creating package script '/home/moonjung/ws_ros2/install/px4_msgs/share/px4_msgs/package.bash'
[18.667s] INFO:colcon.colcon_core.shell:Creating package script '/home/moonjung/ws_ros2/install/px4_msgs/share/px4_msgs/package.zsh'
[18.667s] Level 1:colcon.colcon_core.environment:create_file_with_runtime_dependencies(/home/moonjung/ws_ros2/install/px4_msgs/share/colcon-core/packages/px4_msgs)
[18.667s] INFO:colcon.colcon_ros.task.ament_cmake.build:Building ROS package in '/home/moonjung/ws_ros2/src/px4_ros_com' with build type 'ament_cmake'
[18.667s] INFO:colcon.colcon_cmake.task.cmake.build:Building CMake package in '/home/moonjung/ws_ros2/src/px4_ros_com'
[18.683s] INFO:colcon.colcon_core.shell:Skip shell extension 'powershell' for command environment: Not usable outside of PowerShell
[18.683s] DEBUG:colcon.colcon_core.shell:Skip shell extension 'dsv' for command environment
[18.845s] DEBUG:colcon.colcon_core.event_handler.log_command:Invoking command in '/home/moonjung/ws_ros2/build/px4_ros_com': AMENT_PREFIX_PATH=/home/moonjung/ws_ros2/install/px4_msgs:${AMENT_PREFIX_PATH} CMAKE_PREFIX_PATH=/home/moonjung/ws_ros2/install/px4_msgs:/opt/ros/humble LD_LIBRARY_PATH=/home/moonjung/ws_ros2/install/px4_msgs/lib:${LD_LIBRARY_PATH} PYTHONPATH=/home/moonjung/ws_ros2/install/px4_msgs/local/lib/python3.10/dist-packages:${PYTHONPATH} /home/moonjung/.local/bin/cmake --build /home/moonjung/ws_ros2/build/px4_ros_com -- -j12 -l12
[18.956s] DEBUG:colcon.colcon_core.event_handler.log_command:Invoked command in '/home/moonjung/ws_ros2/build/px4_ros_com' returned '0': AMENT_PREFIX_PATH=/home/moonjung/ws_ros2/install/px4_msgs:${AMENT_PREFIX_PATH} CMAKE_PREFIX_PATH=/home/moonjung/ws_ros2/install/px4_msgs:/opt/ros/humble LD_LIBRARY_PATH=/home/moonjung/ws_ros2/install/px4_msgs/lib:${LD_LIBRARY_PATH} PYTHONPATH=/home/moonjung/ws_ros2/install/px4_msgs/local/lib/python3.10/dist-packages:${PYTHONPATH} /home/moonjung/.local/bin/cmake --build /home/moonjung/ws_ros2/build/px4_ros_com -- -j12 -l12
[19.041s] DEBUG:colcon.colcon_core.event_handler.log_command:Invoking command in '/home/moonjung/ws_ros2/build/px4_ros_com': AMENT_PREFIX_PATH=/home/moonjung/ws_ros2/install/px4_msgs:${AMENT_PREFIX_PATH} CMAKE_PREFIX_PATH=/home/moonjung/ws_ros2/install/px4_msgs:/opt/ros/humble LD_LIBRARY_PATH=/home/moonjung/ws_ros2/install/px4_msgs/lib:${LD_LIBRARY_PATH} PYTHONPATH=/home/moonjung/ws_ros2/install/px4_msgs/local/lib/python3.10/dist-packages:${PYTHONPATH} /home/moonjung/.local/bin/cmake --install /home/moonjung/ws_ros2/build/px4_ros_com
[19.081s] Level 1:colcon.colcon_core.environment:create_environment_scripts_only(px4_ros_com)
[19.081s] DEBUG:colcon.colcon_core.event_handler.log_command:Invoked command in '/home/moonjung/ws_ros2/build/px4_ros_com' returned '0': AMENT_PREFIX_PATH=/home/moonjung/ws_ros2/install/px4_msgs:${AMENT_PREFIX_PATH} CMAKE_PREFIX_PATH=/home/moonjung/ws_ros2/install/px4_msgs:/opt/ros/humble LD_LIBRARY_PATH=/home/moonjung/ws_ros2/install/px4_msgs/lib:${LD_LIBRARY_PATH} PYTHONPATH=/home/moonjung/ws_ros2/install/px4_msgs/local/lib/python3.10/dist-packages:${PYTHONPATH} /home/moonjung/.local/bin/cmake --install /home/moonjung/ws_ros2/build/px4_ros_com
[19.096s] Level 1:colcon.colcon_core.environment:checking '/home/moonjung/ws_ros2/install/px4_ros_com' for CMake module files
[19.096s] Level 1:colcon.colcon_core.environment:checking '/home/moonjung/ws_ros2/install/px4_ros_com' for CMake config files
[19.097s] Level 1:colcon.colcon_core.shell:create_environment_hook('px4_ros_com', 'cmake_prefix_path')
[19.112s] INFO:colcon.colcon_core.shell:Creating environment hook '/home/moonjung/ws_ros2/install/px4_ros_com/share/px4_ros_com/hook/cmake_prefix_path.ps1'
[19.112s] INFO:colcon.colcon_core.shell:Creating environment descriptor '/home/moonjung/ws_ros2/install/px4_ros_com/share/px4_ros_com/hook/cmake_prefix_path.dsv'
[19.112s] INFO:colcon.colcon_core.shell:Creating environment hook '/home/moonjung/ws_ros2/install/px4_ros_com/share/px4_ros_com/hook/cmake_prefix_path.sh'
[19.113s] Level 1:colcon.colcon_core.environment:checking '/home/moonjung/ws_ros2/install/px4_ros_com/lib'
[19.113s] Level 1:colcon.colcon_core.shell:create_environment_hook('px4_ros_com', 'ld_library_path_lib')
[19.127s] INFO:colcon.colcon_core.shell:Creating environment hook '/home/moonjung/ws_ros2/install/px4_ros_com/share/px4_ros_com/hook/ld_library_path_lib.ps1'
[19.128s] INFO:colcon.colcon_core.shell:Creating environment descriptor '/home/moonjung/ws_ros2/install/px4_ros_com/share/px4_ros_com/hook/ld_library_path_lib.dsv'
[19.128s] INFO:colcon.colcon_core.shell:Creating environment hook '/home/moonjung/ws_ros2/install/px4_ros_com/share/px4_ros_com/hook/ld_library_path_lib.sh'
[19.128s] Level 1:colcon.colcon_core.environment:checking '/home/moonjung/ws_ros2/install/px4_ros_com/bin'
[19.128s] Level 1:colcon.colcon_core.environment:checking '/home/moonjung/ws_ros2/install/px4_ros_com/lib/pkgconfig/px4_ros_com.pc'
[19.129s] Level 1:colcon.colcon_core.environment:checking '/home/moonjung/ws_ros2/install/px4_ros_com/lib/python3.10/site-packages'
[19.129s] Level 1:colcon.colcon_core.environment:checking '/home/moonjung/ws_ros2/install/px4_ros_com/bin'
[19.143s] INFO:colcon.colcon_core.shell:Creating package script '/home/moonjung/ws_ros2/install/px4_ros_com/share/px4_ros_com/package.ps1'
[19.144s] INFO:colcon.colcon_core.shell:Creating package descriptor '/home/moonjung/ws_ros2/install/px4_ros_com/share/px4_ros_com/package.dsv'
[19.144s] INFO:colcon.colcon_core.shell:Creating package script '/home/moonjung/ws_ros2/install/px4_ros_com/share/px4_ros_com/package.sh'
[19.144s] INFO:colcon.colcon_core.shell:Creating package script '/home/moonjung/ws_ros2/install/px4_ros_com/share/px4_ros_com/package.bash'
[19.145s] INFO:colcon.colcon_core.shell:Creating package script '/home/moonjung/ws_ros2/install/px4_ros_com/share/px4_ros_com/package.zsh'
[19.145s] Level 1:colcon.colcon_core.environment:create_file_with_runtime_dependencies(/home/moonjung/ws_ros2/install/px4_ros_com/share/colcon-core/packages/px4_ros_com)
[19.237s] Level 1:colcon.colcon_core.environment:create_environment_scripts_only(px4_ros_com)
[19.251s] Level 1:colcon.colcon_core.environment:checking '/home/moonjung/ws_ros2/install/px4_ros_com' for CMake module files
[19.252s] Level 1:colcon.colcon_core.environment:checking '/home/moonjung/ws_ros2/install/px4_ros_com' for CMake config files
[19.252s] Level 1:colcon.colcon_core.shell:create_environment_hook('px4_ros_com', 'cmake_prefix_path')
[19.267s] INFO:colcon.colcon_core.shell:Creating environment hook '/home/moonjung/ws_ros2/install/px4_ros_com/share/px4_ros_com/hook/cmake_prefix_path.ps1'
[19.268s] INFO:colcon.colcon_core.shell:Creating environment descriptor '/home/moonjung/ws_ros2/install/px4_ros_com/share/px4_ros_com/hook/cmake_prefix_path.dsv'
[19.268s] INFO:colcon.colcon_core.shell:Creating environment hook '/home/moonjung/ws_ros2/install/px4_ros_com/share/px4_ros_com/hook/cmake_prefix_path.sh'
[19.269s] Level 1:colcon.colcon_core.environment:checking '/home/moonjung/ws_ros2/install/px4_ros_com/lib'
[19.269s] Level 1:colcon.colcon_core.shell:create_environment_hook('px4_ros_com', 'ld_library_path_lib')
[19.283s] INFO:colcon.colcon_core.shell:Creating environment hook '/home/moonjung/ws_ros2/install/px4_ros_com/share/px4_ros_com/hook/ld_library_path_lib.ps1'
[19.284s] INFO:colcon.colcon_core.shell:Creating environment descriptor '/home/moonjung/ws_ros2/install/px4_ros_com/share/px4_ros_com/hook/ld_library_path_lib.dsv'
[19.284s] INFO:colcon.colcon_core.shell:Creating environment hook '/home/moonjung/ws_ros2/install/px4_ros_com/share/px4_ros_com/hook/ld_library_path_lib.sh'
[19.284s] Level 1:colcon.colcon_core.environment:checking '/home/moonjung/ws_ros2/install/px4_ros_com/bin'
[19.284s] Level 1:colcon.colcon_core.environment:checking '/home/moonjung/ws_ros2/install/px4_ros_com/lib/pkgconfig/px4_ros_com.pc'
[19.285s] Level 1:colcon.colcon_core.environment:checking '/home/moonjung/ws_ros2/install/px4_ros_com/lib/python3.10/site-packages'
[19.285s] Level 1:colcon.colcon_core.environment:checking '/home/moonjung/ws_ros2/install/px4_ros_com/bin'
[19.302s] INFO:colcon.colcon_core.shell:Creating package script '/home/moonjung/ws_ros2/install/px4_ros_com/share/px4_ros_com/package.ps1'
[19.303s] INFO:colcon.colcon_core.shell:Creating package descriptor '/home/moonjung/ws_ros2/install/px4_ros_com/share/px4_ros_com/package.dsv'
[19.303s] INFO:colcon.colcon_core.shell:Creating package script '/home/moonjung/ws_ros2/install/px4_ros_com/share/px4_ros_com/package.sh'
[19.303s] INFO:colcon.colcon_core.shell:Creating package script '/home/moonjung/ws_ros2/install/px4_ros_com/share/px4_ros_com/package.bash'
[19.304s] INFO:colcon.colcon_core.shell:Creating package script '/home/moonjung/ws_ros2/install/px4_ros_com/share/px4_ros_com/package.zsh'
[19.304s] Level 1:colcon.colcon_core.environment:create_file_with_runtime_dependencies(/home/moonjung/ws_ros2/install/px4_ros_com/share/colcon-core/packages/px4_ros_com)
[19.304s] DEBUG:colcon.colcon_parallel_executor.executor.parallel:closing loop
[19.304s] DEBUG:colcon.colcon_parallel_executor.executor.parallel:loop closed
[19.304s] DEBUG:colcon.colcon_parallel_executor.executor.parallel:run_until_complete finished with '0'
[19.305s] DEBUG:colcon.colcon_core.event_reactor:joining thread
[19.377s] INFO:colcon.colcon_core.plugin_system:Skipping extension 'colcon_notification.desktop_notification.notify_send': Could not find 'notify-send'
[19.377s] INFO:colcon.colcon_core.plugin_system:Skipping extension 'colcon_notification.desktop_notification.terminal_notifier': Not used on non-Darwin systems
[19.377s] INFO:colcon.colcon_core.plugin_system:Skipping extension 'colcon_notification.desktop_notification.win32': Not used on non-Windows systems
[19.377s] INFO:colcon.colcon_notification.desktop_notification:Sending desktop notification using 'notify2'
[19.378s] DEBUG:colcon.colcon_notification.desktop_notification.notify2:Failed to initialize notify2: org.freedesktop.DBus.Error.ServiceUnknown: The name org.freedesktop.Notifications was not provided by any .service files
[19.378s] DEBUG:colcon.colcon_core.event_reactor:joined thread
[19.394s] INFO:colcon.colcon_core.shell:Creating prefix script '/home/moonjung/ws_ros2/install/local_setup.ps1'
[19.395s] INFO:colcon.colcon_core.shell:Creating prefix util module '/home/moonjung/ws_ros2/install/_local_setup_util_ps1.py'
[19.396s] INFO:colcon.colcon_core.shell:Creating prefix chain script '/home/moonjung/ws_ros2/install/setup.ps1'
[19.412s] INFO:colcon.colcon_core.shell:Creating prefix script '/home/moonjung/ws_ros2/install/local_setup.sh'
[19.412s] INFO:colcon.colcon_core.shell:Creating prefix util module '/home/moonjung/ws_ros2/install/_local_setup_util_sh.py'
[19.413s] INFO:colcon.colcon_core.shell:Creating prefix chain script '/home/moonjung/ws_ros2/install/setup.sh'
[19.428s] INFO:colcon.colcon_core.shell:Creating prefix script '/home/moonjung/ws_ros2/install/local_setup.bash'
[19.428s] INFO:colcon.colcon_core.shell:Creating prefix chain script '/home/moonjung/ws_ros2/install/setup.bash'
[19.443s] INFO:colcon.colcon_core.shell:Creating prefix script '/home/moonjung/ws_ros2/install/local_setup.zsh'
[19.444s] INFO:colcon.colcon_core.shell:Creating prefix chain script '/home/moonjung/ws_ros2/install/setup.zsh'
