[0.753s] Invoking command in '/home/moonjung/ws_ros2/src/py_pubsub': PYTHONPATH=/home/moonjung/ws_ros2/build/py_pubsub/prefix_override:/home/moonjung/ws_ros2/install/py_pubsub/lib/python3.10/site-packages:${PYTHONPATH} /usr/bin/python3 setup.py egg_info --egg-base ../../build/py_pubsub build --build-base /home/moonjung/ws_ros2/build/py_pubsub/build install --record /home/moonjung/ws_ros2/build/py_pubsub/install.log --single-version-externally-managed
[0.973s] running egg_info
[0.974s] writing ../../build/py_pubsub/py_pubsub.egg-info/PKG-INFO
[0.974s] writing dependency_links to ../../build/py_pubsub/py_pubsub.egg-info/dependency_links.txt
[0.974s] writing entry points to ../../build/py_pubsub/py_pubsub.egg-info/entry_points.txt
[0.974s] writing requirements to ../../build/py_pubsub/py_pubsub.egg-info/requires.txt
[0.975s] writing top-level names to ../../build/py_pubsub/py_pubsub.egg-info/top_level.txt
[0.976s] reading manifest file '../../build/py_pubsub/py_pubsub.egg-info/SOURCES.txt'
[0.977s] writing manifest file '../../build/py_pubsub/py_pubsub.egg-info/SOURCES.txt'
[0.977s] running build
[0.977s] running build_py
[0.977s] copying py_pubsub/subscriber_member_function.py -> /home/moonjung/ws_ros2/build/py_pubsub/build/lib/py_pubsub
[0.978s] copying py_pubsub/publisher_member_function.py -> /home/moonjung/ws_ros2/build/py_pubsub/build/lib/py_pubsub
[0.978s] running install
[0.979s] /usr/lib/python3/dist-packages/setuptools/command/install.py:34: SetuptoolsDeprecationWarning: setup.py install is deprecated. Use build and pip and other standards-based tools.
[0.979s]   warnings.warn(
[0.979s] running install_lib
[0.980s] copying /home/moonjung/ws_ros2/build/py_pubsub/build/lib/py_pubsub/subscriber_member_function.py -> /home/moonjung/ws_ros2/install/py_pubsub/lib/python3.10/site-packages/py_pubsub
[0.981s] copying /home/moonjung/ws_ros2/build/py_pubsub/build/lib/py_pubsub/publisher_member_function.py -> /home/moonjung/ws_ros2/install/py_pubsub/lib/python3.10/site-packages/py_pubsub
[0.981s] byte-compiling /home/moonjung/ws_ros2/install/py_pubsub/lib/python3.10/site-packages/py_pubsub/subscriber_member_function.py to subscriber_member_function.cpython-310.pyc
[0.982s] byte-compiling /home/moonjung/ws_ros2/install/py_pubsub/lib/python3.10/site-packages/py_pubsub/publisher_member_function.py to publisher_member_function.cpython-310.pyc
[0.982s] running install_data
[0.983s] running install_egg_info
[0.986s] removing '/home/moonjung/ws_ros2/install/py_pubsub/lib/python3.10/site-packages/py_pubsub-0.0.0-py3.10.egg-info' (and everything under it)
[0.986s] Copying ../../build/py_pubsub/py_pubsub.egg-info to /home/moonjung/ws_ros2/install/py_pubsub/lib/python3.10/site-packages/py_pubsub-0.0.0-py3.10.egg-info
[0.987s] running install_scripts
[1.005s] Installing listener script to /home/moonjung/ws_ros2/install/py_pubsub/lib/py_pubsub
[1.005s] Installing talker script to /home/moonjung/ws_ros2/install/py_pubsub/lib/py_pubsub
[1.006s] writing list of installed files to '/home/moonjung/ws_ros2/build/py_pubsub/install.log'
[1.028s] Invoked command in '/home/moonjung/ws_ros2/src/py_pubsub' returned '0': PYTHONPATH=/home/moonjung/ws_ros2/build/py_pubsub/prefix_override:/home/moonjung/ws_ros2/install/py_pubsub/lib/python3.10/site-packages:${PYTHONPATH} /usr/bin/python3 setup.py egg_info --egg-base ../../build/py_pubsub build --build-base /home/moonjung/ws_ros2/build/py_pubsub/build install --record /home/moonjung/ws_ros2/build/py_pubsub/install.log --single-version-externally-managed
